CRITICAL - 2024-11-17 13:53:40 --> CodeIgniter\View\Exceptions\ViewException: Invalid file: "flightnum.php"
[Method: GET, Route: findflightnum]
in SYSTEMPATH\Exceptions\FrameworkException.php on line 41.
 1 SYSTEMPATH\View\View.php(222): CodeIgniter\Exceptions\FrameworkException::forInvalidFile('flightnum.php')
 2 SYSTEMPATH\Common.php(1171): CodeIgniter\View\View->render('flightnum', [], true)
 3 APPPATH\Controllers\Home.php(75): view('flightnum')
 4 SYSTEMPATH\CodeIgniter.php(933): App\Controllers\Home->findflightnum()
 5 SYSTEMPATH\CodeIgniter.php(509): CodeIgniter\CodeIgniter->runController(Object(App\Controllers\Home))
 6 SYSTEMPATH\CodeIgniter.php(355): CodeIgniter\CodeIgniter->handleRequest(null, Object(Config\Cache), false)
 7 SYSTEMPATH\Boot.php(325): CodeIgniter\CodeIgniter->run()
 8 SYSTEMPATH\Boot.php(67): CodeIgniter\Boot::runCodeIgniter(Object(CodeIgniter\CodeIgniter))
 9 FCPATH\index.php(56): CodeIgniter\Boot::bootWeb(Object(Config\Paths))
CRITICAL - 2024-11-17 14:12:16 --> ErrorException: Undefined variable $latestFlights
[Method: GET, Route: latestFlights]
in APPPATH\Views\latestflights.php on line 19.
 1 APPPATH\Views\latestflights.php(19): CodeIgniter\Debug\Exceptions->errorHandler(2, 'Undefined variable $latestFlights', 'C:\\xampp\\htdocs\\TX32-24-TamaFlights\\app\\Views\\latestflights.php', 19)
 2 SYSTEMPATH\View\View.php(234): include('C:\\xampp\\htdocs\\TX32-24-TamaFlights\\app\\Views\\latestflights.php')
 3 SYSTEMPATH\View\View.php(237): CodeIgniter\View\View->CodeIgniter\View\{closure}()
 4 SYSTEMPATH\Common.php(1171): CodeIgniter\View\View->render('latestflights', [], true)
 5 APPPATH\Controllers\Home.php(70): view('latestflights')
 6 SYSTEMPATH\CodeIgniter.php(933): App\Controllers\Home->latestFlights()
 7 SYSTEMPATH\CodeIgniter.php(509): CodeIgniter\CodeIgniter->runController(Object(App\Controllers\Home))
 8 SYSTEMPATH\CodeIgniter.php(355): CodeIgniter\CodeIgniter->handleRequest(null, Object(Config\Cache), false)
 9 SYSTEMPATH\Boot.php(325): CodeIgniter\CodeIgniter->run()
10 SYSTEMPATH\Boot.php(67): CodeIgniter\Boot::runCodeIgniter(Object(CodeIgniter\CodeIgniter))
11 FCPATH\index.php(56): CodeIgniter\Boot::bootWeb(Object(Config\Paths))
CRITICAL - 2024-11-17 14:13:23 --> ErrorException: Undefined variable $latestFlights
[Method: GET, Route: latestFlights]
in APPPATH\Views\latestflights.php on line 19.
 1 APPPATH\Views\latestflights.php(19): CodeIgniter\Debug\Exceptions->errorHandler(2, 'Undefined variable $latestFlights', 'C:\\xampp\\htdocs\\TX32-24-TamaFlights\\app\\Views\\latestflights.php', 19)
 2 SYSTEMPATH\View\View.php(234): include('C:\\xampp\\htdocs\\TX32-24-TamaFlights\\app\\Views\\latestflights.php')
 3 SYSTEMPATH\View\View.php(237): CodeIgniter\View\View->CodeIgniter\View\{closure}()
 4 SYSTEMPATH\Common.php(1171): CodeIgniter\View\View->render('latestflights', [], true)
 5 APPPATH\Controllers\Home.php(70): view('latestflights')
 6 SYSTEMPATH\CodeIgniter.php(933): App\Controllers\Home->latestFlights()
 7 SYSTEMPATH\CodeIgniter.php(509): CodeIgniter\CodeIgniter->runController(Object(App\Controllers\Home))
 8 SYSTEMPATH\CodeIgniter.php(355): CodeIgniter\CodeIgniter->handleRequest(null, Object(Config\Cache), false)
 9 SYSTEMPATH\Boot.php(325): CodeIgniter\CodeIgniter->run()
10 SYSTEMPATH\Boot.php(67): CodeIgniter\Boot::runCodeIgniter(Object(CodeIgniter\CodeIgniter))
11 FCPATH\index.php(56): CodeIgniter\Boot::bootWeb(Object(Config\Paths))
CRITICAL - 2024-11-17 14:13:54 --> ErrorException: Undefined variable $latestFlights
[Method: GET, Route: latestFlights]
in APPPATH\Views\latestflights.php on line 19.
 1 APPPATH\Views\latestflights.php(19): CodeIgniter\Debug\Exceptions->errorHandler(2, 'Undefined variable $latestFlights', 'C:\\xampp\\htdocs\\TX32-24-TamaFlights\\app\\Views\\latestflights.php', 19)
 2 SYSTEMPATH\View\View.php(234): include('C:\\xampp\\htdocs\\TX32-24-TamaFlights\\app\\Views\\latestflights.php')
 3 SYSTEMPATH\View\View.php(237): CodeIgniter\View\View->CodeIgniter\View\{closure}()
 4 SYSTEMPATH\Common.php(1171): CodeIgniter\View\View->render('latestFlights', [], true)
 5 APPPATH\Controllers\Home.php(70): view('latestFlights')
 6 SYSTEMPATH\CodeIgniter.php(933): App\Controllers\Home->latestFlights()
 7 SYSTEMPATH\CodeIgniter.php(509): CodeIgniter\CodeIgniter->runController(Object(App\Controllers\Home))
 8 SYSTEMPATH\CodeIgniter.php(355): CodeIgniter\CodeIgniter->handleRequest(null, Object(Config\Cache), false)
 9 SYSTEMPATH\Boot.php(325): CodeIgniter\CodeIgniter->run()
10 SYSTEMPATH\Boot.php(67): CodeIgniter\Boot::runCodeIgniter(Object(CodeIgniter\CodeIgniter))
11 FCPATH\index.php(56): CodeIgniter\Boot::bootWeb(Object(Config\Paths))
CRITICAL - 2024-11-17 14:13:55 --> ErrorException: Undefined variable $latestFlights
[Method: GET, Route: latestFlights]
in APPPATH\Views\latestflights.php on line 19.
 1 APPPATH\Views\latestflights.php(19): CodeIgniter\Debug\Exceptions->errorHandler(2, 'Undefined variable $latestFlights', 'C:\\xampp\\htdocs\\TX32-24-TamaFlights\\app\\Views\\latestflights.php', 19)
 2 SYSTEMPATH\View\View.php(234): include('C:\\xampp\\htdocs\\TX32-24-TamaFlights\\app\\Views\\latestflights.php')
 3 SYSTEMPATH\View\View.php(237): CodeIgniter\View\View->CodeIgniter\View\{closure}()
 4 SYSTEMPATH\Common.php(1171): CodeIgniter\View\View->render('latestFlights', [], true)
 5 APPPATH\Controllers\Home.php(70): view('latestFlights')
 6 SYSTEMPATH\CodeIgniter.php(933): App\Controllers\Home->latestFlights()
 7 SYSTEMPATH\CodeIgniter.php(509): CodeIgniter\CodeIgniter->runController(Object(App\Controllers\Home))
 8 SYSTEMPATH\CodeIgniter.php(355): CodeIgniter\CodeIgniter->handleRequest(null, Object(Config\Cache), false)
 9 SYSTEMPATH\Boot.php(325): CodeIgniter\CodeIgniter->run()
10 SYSTEMPATH\Boot.php(67): CodeIgniter\Boot::runCodeIgniter(Object(CodeIgniter\CodeIgniter))
11 FCPATH\index.php(56): CodeIgniter\Boot::bootWeb(Object(Config\Paths))
CRITICAL - 2024-11-17 14:13:59 --> ErrorException: Undefined variable $latestFlights
[Method: GET, Route: latestFlights]
in APPPATH\Views\latestflights.php on line 19.
 1 APPPATH\Views\latestflights.php(19): CodeIgniter\Debug\Exceptions->errorHandler(2, 'Undefined variable $latestFlights', 'C:\\xampp\\htdocs\\TX32-24-TamaFlights\\app\\Views\\latestflights.php', 19)
 2 SYSTEMPATH\View\View.php(234): include('C:\\xampp\\htdocs\\TX32-24-TamaFlights\\app\\Views\\latestflights.php')
 3 SYSTEMPATH\View\View.php(237): CodeIgniter\View\View->CodeIgniter\View\{closure}()
 4 SYSTEMPATH\Common.php(1171): CodeIgniter\View\View->render('latestFlights', [], true)
 5 APPPATH\Controllers\Home.php(70): view('latestFlights')
 6 SYSTEMPATH\CodeIgniter.php(933): App\Controllers\Home->latestFlights()
 7 SYSTEMPATH\CodeIgniter.php(509): CodeIgniter\CodeIgniter->runController(Object(App\Controllers\Home))
 8 SYSTEMPATH\CodeIgniter.php(355): CodeIgniter\CodeIgniter->handleRequest(null, Object(Config\Cache), false)
 9 SYSTEMPATH\Boot.php(325): CodeIgniter\CodeIgniter->run()
10 SYSTEMPATH\Boot.php(67): CodeIgniter\Boot::runCodeIgniter(Object(CodeIgniter\CodeIgniter))
11 FCPATH\index.php(56): CodeIgniter\Boot::bootWeb(Object(Config\Paths))
CRITICAL - 2024-11-17 14:17:04 --> ErrorException: Undefined variable $latestFlights
[Method: GET, Route: latestFlights]
in APPPATH\Views\latestflights.php on line 19.
 1 APPPATH\Views\latestflights.php(19): CodeIgniter\Debug\Exceptions->errorHandler(2, 'Undefined variable $latestFlights', 'C:\\xampp\\htdocs\\TX32-24-TamaFlights\\app\\Views\\latestflights.php', 19)
 2 SYSTEMPATH\View\View.php(234): include('C:\\xampp\\htdocs\\TX32-24-TamaFlights\\app\\Views\\latestflights.php')
 3 SYSTEMPATH\View\View.php(237): CodeIgniter\View\View->CodeIgniter\View\{closure}()
 4 SYSTEMPATH\Common.php(1171): CodeIgniter\View\View->render('latestflights', [], true)
 5 APPPATH\Controllers\Home.php(70): view('latestflights')
 6 SYSTEMPATH\CodeIgniter.php(933): App\Controllers\Home->latestFlights()
 7 SYSTEMPATH\CodeIgniter.php(509): CodeIgniter\CodeIgniter->runController(Object(App\Controllers\Home))
 8 SYSTEMPATH\CodeIgniter.php(355): CodeIgniter\CodeIgniter->handleRequest(null, Object(Config\Cache), false)
 9 SYSTEMPATH\Boot.php(325): CodeIgniter\CodeIgniter->run()
10 SYSTEMPATH\Boot.php(67): CodeIgniter\Boot::runCodeIgniter(Object(CodeIgniter\CodeIgniter))
11 FCPATH\index.php(56): CodeIgniter\Boot::bootWeb(Object(Config\Paths))
CRITICAL - 2024-11-17 14:18:27 --> ErrorException: Undefined variable $latestFlights
[Method: GET, Route: latestFlights]
in APPPATH\Views\latestflights.php on line 19.
 1 APPPATH\Views\latestflights.php(19): CodeIgniter\Debug\Exceptions->errorHandler(2, 'Undefined variable $latestFlights', 'C:\\xampp\\htdocs\\TX32-24-TamaFlights\\app\\Views\\latestflights.php', 19)
 2 SYSTEMPATH\View\View.php(234): include('C:\\xampp\\htdocs\\TX32-24-TamaFlights\\app\\Views\\latestflights.php')
 3 SYSTEMPATH\View\View.php(237): CodeIgniter\View\View->CodeIgniter\View\{closure}()
 4 SYSTEMPATH\Common.php(1171): CodeIgniter\View\View->render('latestflights', [], true)
 5 APPPATH\Controllers\Home.php(70): view('latestflights')
 6 SYSTEMPATH\CodeIgniter.php(933): App\Controllers\Home->latestFlights()
 7 SYSTEMPATH\CodeIgniter.php(509): CodeIgniter\CodeIgniter->runController(Object(App\Controllers\Home))
 8 SYSTEMPATH\CodeIgniter.php(355): CodeIgniter\CodeIgniter->handleRequest(null, Object(Config\Cache), false)
 9 SYSTEMPATH\Boot.php(325): CodeIgniter\CodeIgniter->run()
10 SYSTEMPATH\Boot.php(67): CodeIgniter\Boot::runCodeIgniter(Object(CodeIgniter\CodeIgniter))
11 FCPATH\index.php(56): CodeIgniter\Boot::bootWeb(Object(Config\Paths))
CRITICAL - 2024-11-17 14:18:28 --> ErrorException: Undefined variable $latestFlights
[Method: GET, Route: latestFlights]
in APPPATH\Views\latestflights.php on line 19.
 1 APPPATH\Views\latestflights.php(19): CodeIgniter\Debug\Exceptions->errorHandler(2, 'Undefined variable $latestFlights', 'C:\\xampp\\htdocs\\TX32-24-TamaFlights\\app\\Views\\latestflights.php', 19)
 2 SYSTEMPATH\View\View.php(234): include('C:\\xampp\\htdocs\\TX32-24-TamaFlights\\app\\Views\\latestflights.php')
 3 SYSTEMPATH\View\View.php(237): CodeIgniter\View\View->CodeIgniter\View\{closure}()
 4 SYSTEMPATH\Common.php(1171): CodeIgniter\View\View->render('latestflights', [], true)
 5 APPPATH\Controllers\Home.php(70): view('latestflights')
 6 SYSTEMPATH\CodeIgniter.php(933): App\Controllers\Home->latestFlights()
 7 SYSTEMPATH\CodeIgniter.php(509): CodeIgniter\CodeIgniter->runController(Object(App\Controllers\Home))
 8 SYSTEMPATH\CodeIgniter.php(355): CodeIgniter\CodeIgniter->handleRequest(null, Object(Config\Cache), false)
 9 SYSTEMPATH\Boot.php(325): CodeIgniter\CodeIgniter->run()
10 SYSTEMPATH\Boot.php(67): CodeIgniter\Boot::runCodeIgniter(Object(CodeIgniter\CodeIgniter))
11 FCPATH\index.php(56): CodeIgniter\Boot::bootWeb(Object(Config\Paths))
CRITICAL - 2024-11-17 14:18:51 --> ErrorException: Undefined variable $latestFlights
[Method: GET, Route: latestFlights]
in APPPATH\Views\latestflights.php on line 19.
 1 APPPATH\Views\latestflights.php(19): CodeIgniter\Debug\Exceptions->errorHandler(2, 'Undefined variable $latestFlights', 'C:\\xampp\\htdocs\\TX32-24-TamaFlights\\app\\Views\\latestflights.php', 19)
 2 SYSTEMPATH\View\View.php(234): include('C:\\xampp\\htdocs\\TX32-24-TamaFlights\\app\\Views\\latestflights.php')
 3 SYSTEMPATH\View\View.php(237): CodeIgniter\View\View->CodeIgniter\View\{closure}()
 4 SYSTEMPATH\Common.php(1171): CodeIgniter\View\View->render('latestflights', [], true)
 5 APPPATH\Controllers\Home.php(70): view('latestflights')
 6 SYSTEMPATH\CodeIgniter.php(933): App\Controllers\Home->latestFlights()
 7 SYSTEMPATH\CodeIgniter.php(509): CodeIgniter\CodeIgniter->runController(Object(App\Controllers\Home))
 8 SYSTEMPATH\CodeIgniter.php(355): CodeIgniter\CodeIgniter->handleRequest(null, Object(Config\Cache), false)
 9 SYSTEMPATH\Boot.php(325): CodeIgniter\CodeIgniter->run()
10 SYSTEMPATH\Boot.php(67): CodeIgniter\Boot::runCodeIgniter(Object(CodeIgniter\CodeIgniter))
11 FCPATH\index.php(56): CodeIgniter\Boot::bootWeb(Object(Config\Paths))
CRITICAL - 2024-11-17 14:19:16 --> ErrorException: Undefined variable $latestFlights
[Method: GET, Route: latestFlights]
in APPPATH\Views\latestflights.php on line 19.
 1 APPPATH\Views\latestflights.php(19): CodeIgniter\Debug\Exceptions->errorHandler(2, 'Undefined variable $latestFlights', 'C:\\xampp\\htdocs\\TX32-24-TamaFlights\\app\\Views\\latestflights.php', 19)
 2 SYSTEMPATH\View\View.php(234): include('C:\\xampp\\htdocs\\TX32-24-TamaFlights\\app\\Views\\latestflights.php')
 3 SYSTEMPATH\View\View.php(237): CodeIgniter\View\View->CodeIgniter\View\{closure}()
 4 SYSTEMPATH\Common.php(1171): CodeIgniter\View\View->render('latestflights', [], true)
 5 APPPATH\Controllers\Home.php(70): view('latestflights')
 6 SYSTEMPATH\CodeIgniter.php(933): App\Controllers\Home->latestFlights()
 7 SYSTEMPATH\CodeIgniter.php(509): CodeIgniter\CodeIgniter->runController(Object(App\Controllers\Home))
 8 SYSTEMPATH\CodeIgniter.php(355): CodeIgniter\CodeIgniter->handleRequest(null, Object(Config\Cache), false)
 9 SYSTEMPATH\Boot.php(325): CodeIgniter\CodeIgniter->run()
10 SYSTEMPATH\Boot.php(67): CodeIgniter\Boot::runCodeIgniter(Object(CodeIgniter\CodeIgniter))
11 FCPATH\index.php(56): CodeIgniter\Boot::bootWeb(Object(Config\Paths))
CRITICAL - 2024-11-17 14:20:48 --> ErrorException: Undefined variable $latestFlights
[Method: GET, Route: latestFlights]
in APPPATH\Views\latestflights.php on line 19.
 1 APPPATH\Views\latestflights.php(19): CodeIgniter\Debug\Exceptions->errorHandler(2, 'Undefined variable $latestFlights', 'C:\\xampp\\htdocs\\TX32-24-TamaFlights\\app\\Views\\latestflights.php', 19)
 2 SYSTEMPATH\View\View.php(234): include('C:\\xampp\\htdocs\\TX32-24-TamaFlights\\app\\Views\\latestflights.php')
 3 SYSTEMPATH\View\View.php(237): CodeIgniter\View\View->CodeIgniter\View\{closure}()
 4 SYSTEMPATH\Common.php(1171): CodeIgniter\View\View->render('latestFlights', [], true)
 5 APPPATH\Controllers\Home.php(70): view('latestFlights')
 6 SYSTEMPATH\CodeIgniter.php(933): App\Controllers\Home->latestFlights()
 7 SYSTEMPATH\CodeIgniter.php(509): CodeIgniter\CodeIgniter->runController(Object(App\Controllers\Home))
 8 SYSTEMPATH\CodeIgniter.php(355): CodeIgniter\CodeIgniter->handleRequest(null, Object(Config\Cache), false)
 9 SYSTEMPATH\Boot.php(325): CodeIgniter\CodeIgniter->run()
10 SYSTEMPATH\Boot.php(67): CodeIgniter\Boot::runCodeIgniter(Object(CodeIgniter\CodeIgniter))
11 FCPATH\index.php(56): CodeIgniter\Boot::bootWeb(Object(Config\Paths))
CRITICAL - 2024-11-17 14:21:26 --> ErrorException: Undefined variable $latestFlights
[Method: GET, Route: latestFlights]
in APPPATH\Views\latestflights.php on line 19.
 1 APPPATH\Views\latestflights.php(19): CodeIgniter\Debug\Exceptions->errorHandler(2, 'Undefined variable $latestFlights', 'C:\\xampp\\htdocs\\TX32-24-TamaFlights\\app\\Views\\latestflights.php', 19)
 2 SYSTEMPATH\View\View.php(234): include('C:\\xampp\\htdocs\\TX32-24-TamaFlights\\app\\Views\\latestflights.php')
 3 SYSTEMPATH\View\View.php(237): CodeIgniter\View\View->CodeIgniter\View\{closure}()
 4 SYSTEMPATH\Common.php(1171): CodeIgniter\View\View->render('latestflights', [], true)
 5 APPPATH\Controllers\Home.php(70): view('latestflights')
 6 SYSTEMPATH\CodeIgniter.php(933): App\Controllers\Home->latestFlights()
 7 SYSTEMPATH\CodeIgniter.php(509): CodeIgniter\CodeIgniter->runController(Object(App\Controllers\Home))
 8 SYSTEMPATH\CodeIgniter.php(355): CodeIgniter\CodeIgniter->handleRequest(null, Object(Config\Cache), false)
 9 SYSTEMPATH\Boot.php(325): CodeIgniter\CodeIgniter->run()
10 SYSTEMPATH\Boot.php(67): CodeIgniter\Boot::runCodeIgniter(Object(CodeIgniter\CodeIgniter))
11 FCPATH\index.php(56): CodeIgniter\Boot::bootWeb(Object(Config\Paths))
CRITICAL - 2024-11-17 14:22:11 --> ErrorException: Undefined variable $flights
[Method: GET, Route: latestFlights]
in APPPATH\Views\latestflights.php on line 19.
 1 APPPATH\Views\latestflights.php(19): CodeIgniter\Debug\Exceptions->errorHandler(2, 'Undefined variable $flights', 'C:\\xampp\\htdocs\\TX32-24-TamaFlights\\app\\Views\\latestflights.php', 19)
 2 SYSTEMPATH\View\View.php(234): include('C:\\xampp\\htdocs\\TX32-24-TamaFlights\\app\\Views\\latestflights.php')
 3 SYSTEMPATH\View\View.php(237): CodeIgniter\View\View->CodeIgniter\View\{closure}()
 4 SYSTEMPATH\Common.php(1171): CodeIgniter\View\View->render('latestflights', [], true)
 5 APPPATH\Controllers\Home.php(70): view('latestflights')
 6 SYSTEMPATH\CodeIgniter.php(933): App\Controllers\Home->latestFlights()
 7 SYSTEMPATH\CodeIgniter.php(509): CodeIgniter\CodeIgniter->runController(Object(App\Controllers\Home))
 8 SYSTEMPATH\CodeIgniter.php(355): CodeIgniter\CodeIgniter->handleRequest(null, Object(Config\Cache), false)
 9 SYSTEMPATH\Boot.php(325): CodeIgniter\CodeIgniter->run()
10 SYSTEMPATH\Boot.php(67): CodeIgniter\Boot::runCodeIgniter(Object(CodeIgniter\CodeIgniter))
11 FCPATH\index.php(56): CodeIgniter\Boot::bootWeb(Object(Config\Paths))
CRITICAL - 2024-11-17 14:22:15 --> ErrorException: Undefined variable $flights
[Method: GET, Route: latestFlights]
in APPPATH\Views\latestflights.php on line 19.
 1 APPPATH\Views\latestflights.php(19): CodeIgniter\Debug\Exceptions->errorHandler(2, 'Undefined variable $flights', 'C:\\xampp\\htdocs\\TX32-24-TamaFlights\\app\\Views\\latestflights.php', 19)
 2 SYSTEMPATH\View\View.php(234): include('C:\\xampp\\htdocs\\TX32-24-TamaFlights\\app\\Views\\latestflights.php')
 3 SYSTEMPATH\View\View.php(237): CodeIgniter\View\View->CodeIgniter\View\{closure}()
 4 SYSTEMPATH\Common.php(1171): CodeIgniter\View\View->render('latestflights', [], true)
 5 APPPATH\Controllers\Home.php(70): view('latestflights')
 6 SYSTEMPATH\CodeIgniter.php(933): App\Controllers\Home->latestFlights()
 7 SYSTEMPATH\CodeIgniter.php(509): CodeIgniter\CodeIgniter->runController(Object(App\Controllers\Home))
 8 SYSTEMPATH\CodeIgniter.php(355): CodeIgniter\CodeIgniter->handleRequest(null, Object(Config\Cache), false)
 9 SYSTEMPATH\Boot.php(325): CodeIgniter\CodeIgniter->run()
10 SYSTEMPATH\Boot.php(67): CodeIgniter\Boot::runCodeIgniter(Object(CodeIgniter\CodeIgniter))
11 FCPATH\index.php(56): CodeIgniter\Boot::bootWeb(Object(Config\Paths))
