CRITICAL - 2024-11-13 00:06:46 --> CodeIgniter\View\Exceptions\ViewException: Invalid file: "components/landing/hero_section.php"
[Method: GET, Route: /]
in SYSTEMPATH\Exceptions\FrameworkException.php on line 41.
 1 SYSTEMPATH\View\View.php(222): CodeIgniter\Exceptions\FrameworkException::forInvalidFile('components/landing/hero_section.php')
 2 SYSTEMPATH\View\View.php(487): CodeIgniter\View\View->render('components/landing/hero_section', null, true)
 3 APPPATH\Views\welcome_message.php(5): CodeIgniter\View\View->include('components/landing/hero_section')
 4 SYSTEMPATH\View\View.php(234): include('C:\\xampp\\htdocs\\TX32-24-TamaFlights\\app\\Views\\welcome_message.php')
 5 SYSTEMPATH\View\View.php(237): CodeIgniter\View\View->CodeIgniter\View\{closure}()
 6 SYSTEMPATH\Common.php(1171): CodeIgniter\View\View->render('welcome_message', [], true)
 7 APPPATH\Controllers\Home.php(9): view('welcome_message')
 8 SYSTEMPATH\CodeIgniter.php(933): App\Controllers\Home->index()
 9 SYSTEMPATH\CodeIgniter.php(509): CodeIgniter\CodeIgniter->runController(Object(App\Controllers\Home))
10 SYSTEMPATH\CodeIgniter.php(355): CodeIgniter\CodeIgniter->handleRequest(null, Object(Config\Cache), false)
11 SYSTEMPATH\Boot.php(325): CodeIgniter\CodeIgniter->run()
12 SYSTEMPATH\Boot.php(67): CodeIgniter\Boot::runCodeIgniter(Object(CodeIgniter\CodeIgniter))
13 FCPATH\index.php(56): CodeIgniter\Boot::bootWeb(Object(Config\Paths))
CRITICAL - 2024-11-13 00:07:09 --> CodeIgniter\View\Exceptions\ViewException: Invalid file: "components/landing/hero_section.php"
[Method: GET, Route: /]
in SYSTEMPATH\Exceptions\FrameworkException.php on line 41.
 1 SYSTEMPATH\View\View.php(222): CodeIgniter\Exceptions\FrameworkException::forInvalidFile('components/landing/hero_section.php')
 2 SYSTEMPATH\View\View.php(487): CodeIgniter\View\View->render('components/landing/hero_section', null, true)
 3 APPPATH\Views\welcome_message.php(5): CodeIgniter\View\View->include('components/landing/hero_section')
 4 SYSTEMPATH\View\View.php(234): include('C:\\xampp\\htdocs\\TX32-24-TamaFlights\\app\\Views\\welcome_message.php')
 5 SYSTEMPATH\View\View.php(237): CodeIgniter\View\View->CodeIgniter\View\{closure}()
 6 SYSTEMPATH\Common.php(1171): CodeIgniter\View\View->render('welcome_message', [], true)
 7 APPPATH\Controllers\Home.php(9): view('welcome_message')
 8 SYSTEMPATH\CodeIgniter.php(933): App\Controllers\Home->index()
 9 SYSTEMPATH\CodeIgniter.php(509): CodeIgniter\CodeIgniter->runController(Object(App\Controllers\Home))
10 SYSTEMPATH\CodeIgniter.php(355): CodeIgniter\CodeIgniter->handleRequest(null, Object(Config\Cache), false)
11 SYSTEMPATH\Boot.php(325): CodeIgniter\CodeIgniter->run()
12 SYSTEMPATH\Boot.php(67): CodeIgniter\Boot::runCodeIgniter(Object(CodeIgniter\CodeIgniter))
13 FCPATH\index.php(56): CodeIgniter\Boot::bootWeb(Object(Config\Paths))
CRITICAL - 2024-11-13 00:07:16 --> CodeIgniter\View\Exceptions\ViewException: Invalid file: "components/landing/hero_section.php"
[Method: GET, Route: /]
in SYSTEMPATH\Exceptions\FrameworkException.php on line 41.
 1 SYSTEMPATH\View\View.php(222): CodeIgniter\Exceptions\FrameworkException::forInvalidFile('components/landing/hero_section.php')
 2 SYSTEMPATH\View\View.php(487): CodeIgniter\View\View->render('components/landing/hero_section', null, true)
 3 APPPATH\Views\welcome_message.php(5): CodeIgniter\View\View->include('components/landing/hero_section')
 4 SYSTEMPATH\View\View.php(234): include('C:\\xampp\\htdocs\\TX32-24-TamaFlights\\app\\Views\\welcome_message.php')
 5 SYSTEMPATH\View\View.php(237): CodeIgniter\View\View->CodeIgniter\View\{closure}()
 6 SYSTEMPATH\Common.php(1171): CodeIgniter\View\View->render('welcome_message', [], true)
 7 APPPATH\Controllers\Home.php(9): view('welcome_message')
 8 SYSTEMPATH\CodeIgniter.php(933): App\Controllers\Home->index()
 9 SYSTEMPATH\CodeIgniter.php(509): CodeIgniter\CodeIgniter->runController(Object(App\Controllers\Home))
10 SYSTEMPATH\CodeIgniter.php(355): CodeIgniter\CodeIgniter->handleRequest(null, Object(Config\Cache), false)
11 SYSTEMPATH\Boot.php(325): CodeIgniter\CodeIgniter->run()
12 SYSTEMPATH\Boot.php(67): CodeIgniter\Boot::runCodeIgniter(Object(CodeIgniter\CodeIgniter))
13 FCPATH\index.php(56): CodeIgniter\Boot::bootWeb(Object(Config\Paths))
CRITICAL - 2024-11-13 00:07:17 --> CodeIgniter\View\Exceptions\ViewException: Invalid file: "components/landing/hero_section.php"
[Method: GET, Route: /]
in SYSTEMPATH\Exceptions\FrameworkException.php on line 41.
 1 SYSTEMPATH\View\View.php(222): CodeIgniter\Exceptions\FrameworkException::forInvalidFile('components/landing/hero_section.php')
 2 SYSTEMPATH\View\View.php(487): CodeIgniter\View\View->render('components/landing/hero_section', null, true)
 3 APPPATH\Views\welcome_message.php(5): CodeIgniter\View\View->include('components/landing/hero_section')
 4 SYSTEMPATH\View\View.php(234): include('C:\\xampp\\htdocs\\TX32-24-TamaFlights\\app\\Views\\welcome_message.php')
 5 SYSTEMPATH\View\View.php(237): CodeIgniter\View\View->CodeIgniter\View\{closure}()
 6 SYSTEMPATH\Common.php(1171): CodeIgniter\View\View->render('welcome_message', [], true)
 7 APPPATH\Controllers\Home.php(9): view('welcome_message')
 8 SYSTEMPATH\CodeIgniter.php(933): App\Controllers\Home->index()
 9 SYSTEMPATH\CodeIgniter.php(509): CodeIgniter\CodeIgniter->runController(Object(App\Controllers\Home))
10 SYSTEMPATH\CodeIgniter.php(355): CodeIgniter\CodeIgniter->handleRequest(null, Object(Config\Cache), false)
11 SYSTEMPATH\Boot.php(325): CodeIgniter\CodeIgniter->run()
12 SYSTEMPATH\Boot.php(67): CodeIgniter\Boot::runCodeIgniter(Object(CodeIgniter\CodeIgniter))
13 FCPATH\index.php(56): CodeIgniter\Boot::bootWeb(Object(Config\Paths))
CRITICAL - 2024-11-13 00:07:27 --> CodeIgniter\View\Exceptions\ViewException: Invalid file: "components/landing/hero_section.php"
[Method: GET, Route: /]
in SYSTEMPATH\Exceptions\FrameworkException.php on line 41.
 1 SYSTEMPATH\View\View.php(222): CodeIgniter\Exceptions\FrameworkException::forInvalidFile('components/landing/hero_section.php')
 2 SYSTEMPATH\View\View.php(487): CodeIgniter\View\View->render('components/landing/hero_section', null, true)
 3 APPPATH\Views\welcome_message.php(5): CodeIgniter\View\View->include('components/landing/hero_section')
 4 SYSTEMPATH\View\View.php(234): include('C:\\xampp\\htdocs\\TX32-24-TamaFlights\\app\\Views\\welcome_message.php')
 5 SYSTEMPATH\View\View.php(237): CodeIgniter\View\View->CodeIgniter\View\{closure}()
 6 SYSTEMPATH\Common.php(1171): CodeIgniter\View\View->render('welcome_message', [], true)
 7 APPPATH\Controllers\Home.php(9): view('welcome_message')
 8 SYSTEMPATH\CodeIgniter.php(933): App\Controllers\Home->index()
 9 SYSTEMPATH\CodeIgniter.php(509): CodeIgniter\CodeIgniter->runController(Object(App\Controllers\Home))
10 SYSTEMPATH\CodeIgniter.php(355): CodeIgniter\CodeIgniter->handleRequest(null, Object(Config\Cache), false)
11 SYSTEMPATH\Boot.php(325): CodeIgniter\CodeIgniter->run()
12 SYSTEMPATH\Boot.php(67): CodeIgniter\Boot::runCodeIgniter(Object(CodeIgniter\CodeIgniter))
13 FCPATH\index.php(56): CodeIgniter\Boot::bootWeb(Object(Config\Paths))
CRITICAL - 2024-11-13 00:07:27 --> CodeIgniter\View\Exceptions\ViewException: Invalid file: "components/landing/hero_section.php"
[Method: GET, Route: /]
in SYSTEMPATH\Exceptions\FrameworkException.php on line 41.
 1 SYSTEMPATH\View\View.php(222): CodeIgniter\Exceptions\FrameworkException::forInvalidFile('components/landing/hero_section.php')
 2 SYSTEMPATH\View\View.php(487): CodeIgniter\View\View->render('components/landing/hero_section', null, true)
 3 APPPATH\Views\welcome_message.php(5): CodeIgniter\View\View->include('components/landing/hero_section')
 4 SYSTEMPATH\View\View.php(234): include('C:\\xampp\\htdocs\\TX32-24-TamaFlights\\app\\Views\\welcome_message.php')
 5 SYSTEMPATH\View\View.php(237): CodeIgniter\View\View->CodeIgniter\View\{closure}()
 6 SYSTEMPATH\Common.php(1171): CodeIgniter\View\View->render('welcome_message', [], true)
 7 APPPATH\Controllers\Home.php(9): view('welcome_message')
 8 SYSTEMPATH\CodeIgniter.php(933): App\Controllers\Home->index()
 9 SYSTEMPATH\CodeIgniter.php(509): CodeIgniter\CodeIgniter->runController(Object(App\Controllers\Home))
10 SYSTEMPATH\CodeIgniter.php(355): CodeIgniter\CodeIgniter->handleRequest(null, Object(Config\Cache), false)
11 SYSTEMPATH\Boot.php(325): CodeIgniter\CodeIgniter->run()
12 SYSTEMPATH\Boot.php(67): CodeIgniter\Boot::runCodeIgniter(Object(CodeIgniter\CodeIgniter))
13 FCPATH\index.php(56): CodeIgniter\Boot::bootWeb(Object(Config\Paths))
CRITICAL - 2024-11-13 00:07:27 --> CodeIgniter\View\Exceptions\ViewException: Invalid file: "components/landing/hero_section.php"
[Method: GET, Route: /]
in SYSTEMPATH\Exceptions\FrameworkException.php on line 41.
 1 SYSTEMPATH\View\View.php(222): CodeIgniter\Exceptions\FrameworkException::forInvalidFile('components/landing/hero_section.php')
 2 SYSTEMPATH\View\View.php(487): CodeIgniter\View\View->render('components/landing/hero_section', null, true)
 3 APPPATH\Views\welcome_message.php(5): CodeIgniter\View\View->include('components/landing/hero_section')
 4 SYSTEMPATH\View\View.php(234): include('C:\\xampp\\htdocs\\TX32-24-TamaFlights\\app\\Views\\welcome_message.php')
 5 SYSTEMPATH\View\View.php(237): CodeIgniter\View\View->CodeIgniter\View\{closure}()
 6 SYSTEMPATH\Common.php(1171): CodeIgniter\View\View->render('welcome_message', [], true)
 7 APPPATH\Controllers\Home.php(9): view('welcome_message')
 8 SYSTEMPATH\CodeIgniter.php(933): App\Controllers\Home->index()
 9 SYSTEMPATH\CodeIgniter.php(509): CodeIgniter\CodeIgniter->runController(Object(App\Controllers\Home))
10 SYSTEMPATH\CodeIgniter.php(355): CodeIgniter\CodeIgniter->handleRequest(null, Object(Config\Cache), false)
11 SYSTEMPATH\Boot.php(325): CodeIgniter\CodeIgniter->run()
12 SYSTEMPATH\Boot.php(67): CodeIgniter\Boot::runCodeIgniter(Object(CodeIgniter\CodeIgniter))
13 FCPATH\index.php(56): CodeIgniter\Boot::bootWeb(Object(Config\Paths))
CRITICAL - 2024-11-13 00:08:10 --> CodeIgniter\View\Exceptions\ViewException: Invalid file: "components/landing/hero_section.php"
[Method: GET, Route: /]
in SYSTEMPATH\Exceptions\FrameworkException.php on line 41.
 1 SYSTEMPATH\View\View.php(222): CodeIgniter\Exceptions\FrameworkException::forInvalidFile('components/landing/hero_section.php')
 2 SYSTEMPATH\View\View.php(487): CodeIgniter\View\View->render('components/landing/hero_section', null, true)
 3 APPPATH\Views\welcome_message.php(5): CodeIgniter\View\View->include('components/landing/hero_section')
 4 SYSTEMPATH\View\View.php(234): include('C:\\xampp\\htdocs\\TX32-24-TamaFlights\\app\\Views\\welcome_message.php')
 5 SYSTEMPATH\View\View.php(237): CodeIgniter\View\View->CodeIgniter\View\{closure}()
 6 SYSTEMPATH\Common.php(1171): CodeIgniter\View\View->render('welcome_message', [], true)
 7 APPPATH\Controllers\Home.php(9): view('welcome_message')
 8 SYSTEMPATH\CodeIgniter.php(933): App\Controllers\Home->index()
 9 SYSTEMPATH\CodeIgniter.php(509): CodeIgniter\CodeIgniter->runController(Object(App\Controllers\Home))
10 SYSTEMPATH\CodeIgniter.php(355): CodeIgniter\CodeIgniter->handleRequest(null, Object(Config\Cache), false)
11 SYSTEMPATH\Boot.php(325): CodeIgniter\CodeIgniter->run()
12 SYSTEMPATH\Boot.php(67): CodeIgniter\Boot::runCodeIgniter(Object(CodeIgniter\CodeIgniter))
13 FCPATH\index.php(56): CodeIgniter\Boot::bootWeb(Object(Config\Paths))
CRITICAL - 2024-11-13 02:25:49 --> CodeIgniter\View\Exceptions\ViewException: Invalid file: "privacycookiespage.php"
[Method: GET, Route: privacy]
in SYSTEMPATH\Exceptions\FrameworkException.php on line 41.
 1 SYSTEMPATH\View\View.php(222): CodeIgniter\Exceptions\FrameworkException::forInvalidFile('privacycookiespage.php')
 2 SYSTEMPATH\Common.php(1171): CodeIgniter\View\View->render('privacycookiespage', [], true)
 3 APPPATH\Controllers\Home.php(48): view('privacycookiespage')
 4 SYSTEMPATH\CodeIgniter.php(933): App\Controllers\Home->privacy()
 5 SYSTEMPATH\CodeIgniter.php(509): CodeIgniter\CodeIgniter->runController(Object(App\Controllers\Home))
 6 SYSTEMPATH\CodeIgniter.php(355): CodeIgniter\CodeIgniter->handleRequest(null, Object(Config\Cache), false)
 7 SYSTEMPATH\Boot.php(325): CodeIgniter\CodeIgniter->run()
 8 SYSTEMPATH\Boot.php(67): CodeIgniter\Boot::runCodeIgniter(Object(CodeIgniter\CodeIgniter))
 9 FCPATH\index.php(56): CodeIgniter\Boot::bootWeb(Object(Config\Paths))
CRITICAL - 2024-11-13 02:32:32 --> ErrorException: Cannot use positional argument after named argument
[Method: GET, Route: modern-slavery-statement]
in APPPATH\Config\Routes.php on line 27.
 1 [internal function]: CodeIgniter\Debug\Exceptions->shutdownHandler()
CRITICAL - 2024-11-13 11:12:50 --> ErrorException: Cannot use positional argument after named argument
[Method: GET, Route: modern-slavery-statement]
in APPPATH\Config\Routes.php on line 27.
 1 [internal function]: CodeIgniter\Debug\Exceptions->shutdownHandler()
