CRITICAL - 2024-11-26 07:22:58 --> ErrorException: Undefined variable $css
[Method: GET, Route: /]
in APPPATH\Views\components\top_layer.php on line 8.
 1 APPPATH\Views\components\top_layer.php(8): CodeIgniter\Debug\Exceptions->errorHandler(2, 'Undefined variable $css', 'C:\\xampp\\htdocs\\TX32-24-TamaFlights\\app\\Views\\components\\top_layer.php', 8)
 2 SYSTEMPATH\View\View.php(234): include('C:\\xampp\\htdocs\\TX32-24-TamaFlights\\app\\Views\\components\\top_layer.php')
 3 SYSTEMPATH\View\View.php(237): CodeIgniter\View\View->CodeIgniter\View\{closure}()
 4 SYSTEMPATH\View\View.php(487): CodeIgniter\View\View->render('components/top_layer', null, true)
 5 APPPATH\Views\layout\main.php(1): CodeIgniter\View\View->include('components/top_layer')
 6 SYSTEMPATH\View\View.php(234): include('C:\\xampp\\htdocs\\TX32-24-TamaFlights\\app\\Views\\layout\\main.php')
 7 SYSTEMPATH\View\View.php(237): CodeIgniter\View\View->CodeIgniter\View\{closure}()
 8 SYSTEMPATH\View\View.php(250): CodeIgniter\View\View->render('layout/main', [], true)
 9 SYSTEMPATH\Common.php(1171): CodeIgniter\View\View->render('landingpage', [], true)
10 APPPATH\Controllers\Passenger.php(48): view('landingpage', [...])
11 SYSTEMPATH\CodeIgniter.php(933): App\Controllers\Passenger->success()
12 SYSTEMPATH\CodeIgniter.php(509): CodeIgniter\CodeIgniter->runController(Object(App\Controllers\Passenger))
13 SYSTEMPATH\CodeIgniter.php(355): CodeIgniter\CodeIgniter->handleRequest(null, Object(Config\Cache), false)
14 SYSTEMPATH\Boot.php(325): CodeIgniter\CodeIgniter->run()
15 SYSTEMPATH\Boot.php(67): CodeIgniter\Boot::runCodeIgniter(Object(CodeIgniter\CodeIgniter))
16 FCPATH\index.php(56): CodeIgniter\Boot::bootWeb(Object(Config\Paths))
CRITICAL - 2024-11-26 07:22:59 --> ErrorException: Undefined variable $css
[Method: GET, Route: /]
in APPPATH\Views\components\top_layer.php on line 8.
 1 APPPATH\Views\components\top_layer.php(8): CodeIgniter\Debug\Exceptions->errorHandler(2, 'Undefined variable $css', 'C:\\xampp\\htdocs\\TX32-24-TamaFlights\\app\\Views\\components\\top_layer.php', 8)
 2 SYSTEMPATH\View\View.php(234): include('C:\\xampp\\htdocs\\TX32-24-TamaFlights\\app\\Views\\components\\top_layer.php')
 3 SYSTEMPATH\View\View.php(237): CodeIgniter\View\View->CodeIgniter\View\{closure}()
 4 SYSTEMPATH\View\View.php(487): CodeIgniter\View\View->render('components/top_layer', null, true)
 5 APPPATH\Views\layout\main.php(1): CodeIgniter\View\View->include('components/top_layer')
 6 SYSTEMPATH\View\View.php(234): include('C:\\xampp\\htdocs\\TX32-24-TamaFlights\\app\\Views\\layout\\main.php')
 7 SYSTEMPATH\View\View.php(237): CodeIgniter\View\View->CodeIgniter\View\{closure}()
 8 SYSTEMPATH\View\View.php(250): CodeIgniter\View\View->render('layout/main', [], true)
 9 SYSTEMPATH\Common.php(1171): CodeIgniter\View\View->render('landingpage', [], true)
10 APPPATH\Controllers\Passenger.php(48): view('landingpage', [...])
11 SYSTEMPATH\CodeIgniter.php(933): App\Controllers\Passenger->success()
12 SYSTEMPATH\CodeIgniter.php(509): CodeIgniter\CodeIgniter->runController(Object(App\Controllers\Passenger))
13 SYSTEMPATH\CodeIgniter.php(355): CodeIgniter\CodeIgniter->handleRequest(null, Object(Config\Cache), false)
14 SYSTEMPATH\Boot.php(325): CodeIgniter\CodeIgniter->run()
15 SYSTEMPATH\Boot.php(67): CodeIgniter\Boot::runCodeIgniter(Object(CodeIgniter\CodeIgniter))
16 FCPATH\index.php(56): CodeIgniter\Boot::bootWeb(Object(Config\Paths))
CRITICAL - 2024-11-26 07:23:00 --> ErrorException: Undefined variable $css
[Method: GET, Route: /]
in APPPATH\Views\components\top_layer.php on line 8.
 1 APPPATH\Views\components\top_layer.php(8): CodeIgniter\Debug\Exceptions->errorHandler(2, 'Undefined variable $css', 'C:\\xampp\\htdocs\\TX32-24-TamaFlights\\app\\Views\\components\\top_layer.php', 8)
 2 SYSTEMPATH\View\View.php(234): include('C:\\xampp\\htdocs\\TX32-24-TamaFlights\\app\\Views\\components\\top_layer.php')
 3 SYSTEMPATH\View\View.php(237): CodeIgniter\View\View->CodeIgniter\View\{closure}()
 4 SYSTEMPATH\View\View.php(487): CodeIgniter\View\View->render('components/top_layer', null, true)
 5 APPPATH\Views\layout\main.php(1): CodeIgniter\View\View->include('components/top_layer')
 6 SYSTEMPATH\View\View.php(234): include('C:\\xampp\\htdocs\\TX32-24-TamaFlights\\app\\Views\\layout\\main.php')
 7 SYSTEMPATH\View\View.php(237): CodeIgniter\View\View->CodeIgniter\View\{closure}()
 8 SYSTEMPATH\View\View.php(250): CodeIgniter\View\View->render('layout/main', [], true)
 9 SYSTEMPATH\Common.php(1171): CodeIgniter\View\View->render('landingpage', [], true)
10 APPPATH\Controllers\Passenger.php(48): view('landingpage', [...])
11 SYSTEMPATH\CodeIgniter.php(933): App\Controllers\Passenger->success()
12 SYSTEMPATH\CodeIgniter.php(509): CodeIgniter\CodeIgniter->runController(Object(App\Controllers\Passenger))
13 SYSTEMPATH\CodeIgniter.php(355): CodeIgniter\CodeIgniter->handleRequest(null, Object(Config\Cache), false)
14 SYSTEMPATH\Boot.php(325): CodeIgniter\CodeIgniter->run()
15 SYSTEMPATH\Boot.php(67): CodeIgniter\Boot::runCodeIgniter(Object(CodeIgniter\CodeIgniter))
16 FCPATH\index.php(56): CodeIgniter\Boot::bootWeb(Object(Config\Paths))
CRITICAL - 2024-11-26 07:23:01 --> ErrorException: Undefined variable $css
[Method: GET, Route: /]
in APPPATH\Views\components\top_layer.php on line 8.
 1 APPPATH\Views\components\top_layer.php(8): CodeIgniter\Debug\Exceptions->errorHandler(2, 'Undefined variable $css', 'C:\\xampp\\htdocs\\TX32-24-TamaFlights\\app\\Views\\components\\top_layer.php', 8)
 2 SYSTEMPATH\View\View.php(234): include('C:\\xampp\\htdocs\\TX32-24-TamaFlights\\app\\Views\\components\\top_layer.php')
 3 SYSTEMPATH\View\View.php(237): CodeIgniter\View\View->CodeIgniter\View\{closure}()
 4 SYSTEMPATH\View\View.php(487): CodeIgniter\View\View->render('components/top_layer', null, true)
 5 APPPATH\Views\layout\main.php(1): CodeIgniter\View\View->include('components/top_layer')
 6 SYSTEMPATH\View\View.php(234): include('C:\\xampp\\htdocs\\TX32-24-TamaFlights\\app\\Views\\layout\\main.php')
 7 SYSTEMPATH\View\View.php(237): CodeIgniter\View\View->CodeIgniter\View\{closure}()
 8 SYSTEMPATH\View\View.php(250): CodeIgniter\View\View->render('layout/main', [], true)
 9 SYSTEMPATH\Common.php(1171): CodeIgniter\View\View->render('landingpage', [], true)
10 APPPATH\Controllers\Passenger.php(48): view('landingpage', [...])
11 SYSTEMPATH\CodeIgniter.php(933): App\Controllers\Passenger->success()
12 SYSTEMPATH\CodeIgniter.php(509): CodeIgniter\CodeIgniter->runController(Object(App\Controllers\Passenger))
13 SYSTEMPATH\CodeIgniter.php(355): CodeIgniter\CodeIgniter->handleRequest(null, Object(Config\Cache), false)
14 SYSTEMPATH\Boot.php(325): CodeIgniter\CodeIgniter->run()
15 SYSTEMPATH\Boot.php(67): CodeIgniter\Boot::runCodeIgniter(Object(CodeIgniter\CodeIgniter))
16 FCPATH\index.php(56): CodeIgniter\Boot::bootWeb(Object(Config\Paths))
CRITICAL - 2024-11-26 07:24:58 --> ErrorException: Undefined variable $css
[Method: GET, Route: /]
in APPPATH\Views\components\top_layer.php on line 8.
 1 APPPATH\Views\components\top_layer.php(8): CodeIgniter\Debug\Exceptions->errorHandler(2, 'Undefined variable $css', 'C:\\xampp\\htdocs\\TX32-24-TamaFlights\\app\\Views\\components\\top_layer.php', 8)
 2 SYSTEMPATH\View\View.php(234): include('C:\\xampp\\htdocs\\TX32-24-TamaFlights\\app\\Views\\components\\top_layer.php')
 3 SYSTEMPATH\View\View.php(237): CodeIgniter\View\View->CodeIgniter\View\{closure}()
 4 SYSTEMPATH\View\View.php(487): CodeIgniter\View\View->render('components/top_layer', null, true)
 5 APPPATH\Views\layout\main.php(1): CodeIgniter\View\View->include('components/top_layer')
 6 SYSTEMPATH\View\View.php(234): include('C:\\xampp\\htdocs\\TX32-24-TamaFlights\\app\\Views\\layout\\main.php')
 7 SYSTEMPATH\View\View.php(237): CodeIgniter\View\View->CodeIgniter\View\{closure}()
 8 SYSTEMPATH\View\View.php(250): CodeIgniter\View\View->render('layout/main', [], true)
 9 SYSTEMPATH\Common.php(1171): CodeIgniter\View\View->render('landingpage', [], true)
10 APPPATH\Controllers\Passenger.php(48): view('landingpage', [...])
11 SYSTEMPATH\CodeIgniter.php(933): App\Controllers\Passenger->success()
12 SYSTEMPATH\CodeIgniter.php(509): CodeIgniter\CodeIgniter->runController(Object(App\Controllers\Passenger))
13 SYSTEMPATH\CodeIgniter.php(355): CodeIgniter\CodeIgniter->handleRequest(null, Object(Config\Cache), false)
14 SYSTEMPATH\Boot.php(325): CodeIgniter\CodeIgniter->run()
15 SYSTEMPATH\Boot.php(67): CodeIgniter\Boot::runCodeIgniter(Object(CodeIgniter\CodeIgniter))
16 FCPATH\index.php(56): CodeIgniter\Boot::bootWeb(Object(Config\Paths))
CRITICAL - 2024-11-26 07:25:35 --> ArgumentCountError: password_hash() expects at least 2 arguments, 1 given
[Method: GET, Route: /]
in APPPATH\Controllers\Passenger.php on line 18.
 1 APPPATH\Controllers\Passenger.php(18): password_hash(Object(SensitiveParameterValue))
 2 SYSTEMPATH\CodeIgniter.php(933): App\Controllers\Passenger->register()
 3 SYSTEMPATH\CodeIgniter.php(509): CodeIgniter\CodeIgniter->runController(Object(App\Controllers\Passenger))
 4 SYSTEMPATH\CodeIgniter.php(355): CodeIgniter\CodeIgniter->handleRequest(null, Object(Config\Cache), false)
 5 SYSTEMPATH\Boot.php(325): CodeIgniter\CodeIgniter->run()
 6 SYSTEMPATH\Boot.php(67): CodeIgniter\Boot::runCodeIgniter(Object(CodeIgniter\CodeIgniter))
 7 FCPATH\index.php(56): CodeIgniter\Boot::bootWeb(Object(Config\Paths))
CRITICAL - 2024-11-26 07:26:16 --> ArgumentCountError: password_hash() expects at least 2 arguments, 1 given
[Method: GET, Route: signup/register]
in APPPATH\Controllers\Passenger.php on line 18.
 1 APPPATH\Controllers\Passenger.php(18): password_hash(Object(SensitiveParameterValue))
 2 SYSTEMPATH\CodeIgniter.php(933): App\Controllers\Passenger->register()
 3 SYSTEMPATH\CodeIgniter.php(509): CodeIgniter\CodeIgniter->runController(Object(App\Controllers\Passenger))
 4 SYSTEMPATH\CodeIgniter.php(355): CodeIgniter\CodeIgniter->handleRequest(null, Object(Config\Cache), false)
 5 SYSTEMPATH\Boot.php(325): CodeIgniter\CodeIgniter->run()
 6 SYSTEMPATH\Boot.php(67): CodeIgniter\Boot::runCodeIgniter(Object(CodeIgniter\CodeIgniter))
 7 FCPATH\index.php(56): CodeIgniter\Boot::bootWeb(Object(Config\Paths))
CRITICAL - 2024-11-26 07:26:18 --> ArgumentCountError: password_hash() expects at least 2 arguments, 1 given
[Method: GET, Route: signup/register]
in APPPATH\Controllers\Passenger.php on line 18.
 1 APPPATH\Controllers\Passenger.php(18): password_hash(Object(SensitiveParameterValue))
 2 SYSTEMPATH\CodeIgniter.php(933): App\Controllers\Passenger->register()
 3 SYSTEMPATH\CodeIgniter.php(509): CodeIgniter\CodeIgniter->runController(Object(App\Controllers\Passenger))
 4 SYSTEMPATH\CodeIgniter.php(355): CodeIgniter\CodeIgniter->handleRequest(null, Object(Config\Cache), false)
 5 SYSTEMPATH\Boot.php(325): CodeIgniter\CodeIgniter->run()
 6 SYSTEMPATH\Boot.php(67): CodeIgniter\Boot::runCodeIgniter(Object(CodeIgniter\CodeIgniter))
 7 FCPATH\index.php(56): CodeIgniter\Boot::bootWeb(Object(Config\Paths))
CRITICAL - 2024-11-26 07:26:18 --> ArgumentCountError: password_hash() expects at least 2 arguments, 1 given
[Method: GET, Route: signup/register]
in APPPATH\Controllers\Passenger.php on line 18.
 1 APPPATH\Controllers\Passenger.php(18): password_hash(Object(SensitiveParameterValue))
 2 SYSTEMPATH\CodeIgniter.php(933): App\Controllers\Passenger->register()
 3 SYSTEMPATH\CodeIgniter.php(509): CodeIgniter\CodeIgniter->runController(Object(App\Controllers\Passenger))
 4 SYSTEMPATH\CodeIgniter.php(355): CodeIgniter\CodeIgniter->handleRequest(null, Object(Config\Cache), false)
 5 SYSTEMPATH\Boot.php(325): CodeIgniter\CodeIgniter->run()
 6 SYSTEMPATH\Boot.php(67): CodeIgniter\Boot::runCodeIgniter(Object(CodeIgniter\CodeIgniter))
 7 FCPATH\index.php(56): CodeIgniter\Boot::bootWeb(Object(Config\Paths))
CRITICAL - 2024-11-26 07:27:12 --> ArgumentCountError: password_hash() expects at least 2 arguments, 1 given
[Method: GET, Route: signup/register]
in APPPATH\Controllers\Passenger.php on line 18.
 1 APPPATH\Controllers\Passenger.php(18): password_hash(Object(SensitiveParameterValue))
 2 SYSTEMPATH\CodeIgniter.php(933): App\Controllers\Passenger->register()
 3 SYSTEMPATH\CodeIgniter.php(509): CodeIgniter\CodeIgniter->runController(Object(App\Controllers\Passenger))
 4 SYSTEMPATH\CodeIgniter.php(355): CodeIgniter\CodeIgniter->handleRequest(null, Object(Config\Cache), false)
 5 SYSTEMPATH\Boot.php(325): CodeIgniter\CodeIgniter->run()
 6 SYSTEMPATH\Boot.php(67): CodeIgniter\Boot::runCodeIgniter(Object(CodeIgniter\CodeIgniter))
 7 FCPATH\index.php(56): CodeIgniter\Boot::bootWeb(Object(Config\Paths))
CRITICAL - 2024-11-26 07:28:57 --> ArgumentCountError: password_hash() expects at least 2 arguments, 1 given
[Method: GET, Route: signup/register]
in APPPATH\Controllers\Passenger.php on line 18.
 1 APPPATH\Controllers\Passenger.php(18): password_hash(Object(SensitiveParameterValue))
 2 SYSTEMPATH\CodeIgniter.php(933): App\Controllers\Passenger->register()
 3 SYSTEMPATH\CodeIgniter.php(509): CodeIgniter\CodeIgniter->runController(Object(App\Controllers\Passenger))
 4 SYSTEMPATH\CodeIgniter.php(355): CodeIgniter\CodeIgniter->handleRequest(null, Object(Config\Cache), false)
 5 SYSTEMPATH\Boot.php(325): CodeIgniter\CodeIgniter->run()
 6 SYSTEMPATH\Boot.php(67): CodeIgniter\Boot::runCodeIgniter(Object(CodeIgniter\CodeIgniter))
 7 FCPATH\index.php(56): CodeIgniter\Boot::bootWeb(Object(Config\Paths))
CRITICAL - 2024-11-26 07:30:02 --> ArgumentCountError: password_hash() expects at least 2 arguments, 1 given
[Method: GET, Route: signup/register]
in APPPATH\Controllers\Passenger.php on line 18.
 1 APPPATH\Controllers\Passenger.php(18): password_hash(Object(SensitiveParameterValue))
 2 SYSTEMPATH\CodeIgniter.php(933): App\Controllers\Passenger->register()
 3 SYSTEMPATH\CodeIgniter.php(509): CodeIgniter\CodeIgniter->runController(Object(App\Controllers\Passenger))
 4 SYSTEMPATH\CodeIgniter.php(355): CodeIgniter\CodeIgniter->handleRequest(null, Object(Config\Cache), false)
 5 SYSTEMPATH\Boot.php(325): CodeIgniter\CodeIgniter->run()
 6 SYSTEMPATH\Boot.php(67): CodeIgniter\Boot::runCodeIgniter(Object(CodeIgniter\CodeIgniter))
 7 FCPATH\index.php(56): CodeIgniter\Boot::bootWeb(Object(Config\Paths))
CRITICAL - 2024-11-26 07:32:05 --> ArgumentCountError: password_hash() expects at least 2 arguments, 1 given
[Method: POST, Route: signup/register]
in APPPATH\Controllers\Passenger.php on line 18.
 1 APPPATH\Controllers\Passenger.php(18): password_hash(Object(SensitiveParameterValue))
 2 SYSTEMPATH\CodeIgniter.php(933): App\Controllers\Passenger->register()
 3 SYSTEMPATH\CodeIgniter.php(509): CodeIgniter\CodeIgniter->runController(Object(App\Controllers\Passenger))
 4 SYSTEMPATH\CodeIgniter.php(355): CodeIgniter\CodeIgniter->handleRequest(null, Object(Config\Cache), false)
 5 SYSTEMPATH\Boot.php(325): CodeIgniter\CodeIgniter->run()
 6 SYSTEMPATH\Boot.php(67): CodeIgniter\Boot::runCodeIgniter(Object(CodeIgniter\CodeIgniter))
 7 FCPATH\index.php(56): CodeIgniter\Boot::bootWeb(Object(Config\Paths))
CRITICAL - 2024-11-26 07:32:57 --> CodeIgniter\Database\Exceptions\DataException: Allowed fields must be specified for model: "App\Models\PassengerModel"
[Method: POST, Route: signup/register]
in SYSTEMPATH\Model.php on line 824.
 1 SYSTEMPATH\Model.php(824): CodeIgniter\Database\Exceptions\DataException::forInvalidAllowedFields('App\\Models\\PassengerModel')
 2 SYSTEMPATH\BaseModel.php(821): CodeIgniter\Model->doProtectFieldsForInsert([...])
 3 SYSTEMPATH\Model.php(802): CodeIgniter\BaseModel->insert([...], true)
 4 APPPATH\Controllers\Passenger.php(23): CodeIgniter\Model->insert([...])
 5 SYSTEMPATH\CodeIgniter.php(933): App\Controllers\Passenger->register()
 6 SYSTEMPATH\CodeIgniter.php(509): CodeIgniter\CodeIgniter->runController(Object(App\Controllers\Passenger))
 7 SYSTEMPATH\CodeIgniter.php(355): CodeIgniter\CodeIgniter->handleRequest(null, Object(Config\Cache), false)
 8 SYSTEMPATH\Boot.php(325): CodeIgniter\CodeIgniter->run()
 9 SYSTEMPATH\Boot.php(67): CodeIgniter\Boot::runCodeIgniter(Object(CodeIgniter\CodeIgniter))
10 FCPATH\index.php(56): CodeIgniter\Boot::bootWeb(Object(Config\Paths))
CRITICAL - 2024-11-26 07:36:29 --> ErrorException: Undefined variable $userModel
[Method: POST, Route: signup/register]
in APPPATH\Controllers\Passenger.php on line 23.
 1 APPPATH\Controllers\Passenger.php(23): CodeIgniter\Debug\Exceptions->errorHandler(2, 'Undefined variable $userModel', 'C:\\xampp\\htdocs\\TX32-24-TamaFlights\\app\\Controllers\\Passenger.php', 23)
 2 SYSTEMPATH\CodeIgniter.php(933): App\Controllers\Passenger->register()
 3 SYSTEMPATH\CodeIgniter.php(509): CodeIgniter\CodeIgniter->runController(Object(App\Controllers\Passenger))
 4 SYSTEMPATH\CodeIgniter.php(355): CodeIgniter\CodeIgniter->handleRequest(null, Object(Config\Cache), false)
 5 SYSTEMPATH\Boot.php(325): CodeIgniter\CodeIgniter->run()
 6 SYSTEMPATH\Boot.php(67): CodeIgniter\Boot::runCodeIgniter(Object(CodeIgniter\CodeIgniter))
 7 FCPATH\index.php(56): CodeIgniter\Boot::bootWeb(Object(Config\Paths))
CRITICAL - 2024-11-26 07:37:01 --> CodeIgniter\Database\Exceptions\DataException: Allowed fields must be specified for model: "App\Models\PassengerModel"
[Method: POST, Route: signup/register]
in SYSTEMPATH\Model.php on line 824.
 1 SYSTEMPATH\Model.php(824): CodeIgniter\Database\Exceptions\DataException::forInvalidAllowedFields('App\\Models\\PassengerModel')
 2 SYSTEMPATH\BaseModel.php(821): CodeIgniter\Model->doProtectFieldsForInsert([...])
 3 SYSTEMPATH\Model.php(802): CodeIgniter\BaseModel->insert([...], true)
 4 APPPATH\Controllers\Passenger.php(23): CodeIgniter\Model->insert([...])
 5 SYSTEMPATH\CodeIgniter.php(933): App\Controllers\Passenger->register()
 6 SYSTEMPATH\CodeIgniter.php(509): CodeIgniter\CodeIgniter->runController(Object(App\Controllers\Passenger))
 7 SYSTEMPATH\CodeIgniter.php(355): CodeIgniter\CodeIgniter->handleRequest(null, Object(Config\Cache), false)
 8 SYSTEMPATH\Boot.php(325): CodeIgniter\CodeIgniter->run()
 9 SYSTEMPATH\Boot.php(67): CodeIgniter\Boot::runCodeIgniter(Object(CodeIgniter\CodeIgniter))
10 FCPATH\index.php(56): CodeIgniter\Boot::bootWeb(Object(Config\Paths))
ERROR - 2024-11-26 07:37:23 --> mysqli_sql_exception: Unknown column 'created_at' in 'field list' in C:\xampp\htdocs\TX32-24-TamaFlights\system\Database\MySQLi\Connection.php:312
Stack trace:
#0 C:\xampp\htdocs\TX32-24-TamaFlights\system\Database\MySQLi\Connection.php(312): mysqli->query('INSERT INTO `pa...', 0)
#1 C:\xampp\htdocs\TX32-24-TamaFlights\system\Database\BaseConnection.php(734): CodeIgniter\Database\MySQLi\Connection->execute('INSERT INTO `pa...')
#2 C:\xampp\htdocs\TX32-24-TamaFlights\system\Database\BaseConnection.php(648): CodeIgniter\Database\BaseConnection->simpleQuery('INSERT INTO `pa...')
#3 C:\xampp\htdocs\TX32-24-TamaFlights\system\Database\BaseBuilder.php(2340): CodeIgniter\Database\BaseConnection->query('INSERT INTO `pa...', Array, false)
#4 C:\xampp\htdocs\TX32-24-TamaFlights\system\Model.php(394): CodeIgniter\Database\BaseBuilder->insert()
#5 C:\xampp\htdocs\TX32-24-TamaFlights\system\BaseModel.php(840): CodeIgniter\Model->doInsert(Array)
#6 C:\xampp\htdocs\TX32-24-TamaFlights\system\Model.php(802): CodeIgniter\BaseModel->insert(Array, true)
#7 C:\xampp\htdocs\TX32-24-TamaFlights\app\Controllers\Passenger.php(23): CodeIgniter\Model->insert(Array)
#8 C:\xampp\htdocs\TX32-24-TamaFlights\system\CodeIgniter.php(933): App\Controllers\Passenger->register()
#9 C:\xampp\htdocs\TX32-24-TamaFlights\system\CodeIgniter.php(509): CodeIgniter\CodeIgniter->runController(Object(App\Controllers\Passenger))
#10 C:\xampp\htdocs\TX32-24-TamaFlights\system\CodeIgniter.php(355): CodeIgniter\CodeIgniter->handleRequest(NULL, Object(Config\Cache), false)
#11 C:\xampp\htdocs\TX32-24-TamaFlights\system\Boot.php(325): CodeIgniter\CodeIgniter->run()
#12 C:\xampp\htdocs\TX32-24-TamaFlights\system\Boot.php(67): CodeIgniter\Boot::runCodeIgniter(Object(CodeIgniter\CodeIgniter))
#13 C:\xampp\htdocs\TX32-24-TamaFlights\index.php(56): CodeIgniter\Boot::bootWeb(Object(Config\Paths))
#14 {main}
CRITICAL - 2024-11-26 07:37:23 --> CodeIgniter\Database\Exceptions\DatabaseException: Unknown column 'created_at' in 'field list'
[Method: POST, Route: signup/register]
in SYSTEMPATH\Database\BaseConnection.php on line 688.
 1 SYSTEMPATH\Database\BaseBuilder.php(2340): CodeIgniter\Database\BaseConnection->query('INSERT INTO `passenger` (`email`, `password`, `created_at`, `updated_at`) VALUES (:email:, :password:, :created_at:, :updated_at:)', [...], false)
 2 SYSTEMPATH\Model.php(394): CodeIgniter\Database\BaseBuilder->insert()
 3 SYSTEMPATH\BaseModel.php(840): CodeIgniter\Model->doInsert([...])
 4 SYSTEMPATH\Model.php(802): CodeIgniter\BaseModel->insert([...], true)
 5 APPPATH\Controllers\Passenger.php(23): CodeIgniter\Model->insert([...])
 6 SYSTEMPATH\CodeIgniter.php(933): App\Controllers\Passenger->register()
 7 SYSTEMPATH\CodeIgniter.php(509): CodeIgniter\CodeIgniter->runController(Object(App\Controllers\Passenger))
 8 SYSTEMPATH\CodeIgniter.php(355): CodeIgniter\CodeIgniter->handleRequest(null, Object(Config\Cache), false)
 9 SYSTEMPATH\Boot.php(325): CodeIgniter\CodeIgniter->run()
10 SYSTEMPATH\Boot.php(67): CodeIgniter\Boot::runCodeIgniter(Object(CodeIgniter\CodeIgniter))
11 FCPATH\index.php(56): CodeIgniter\Boot::bootWeb(Object(Config\Paths))
CRITICAL - 2024-11-26 07:37:23 --> [Caused by] CodeIgniter\Database\Exceptions\DatabaseException: Unknown column 'created_at' in 'field list'
in SYSTEMPATH\Database\MySQLi\Connection.php on line 317.
 1 SYSTEMPATH\Database\BaseConnection.php(734): CodeIgniter\Database\MySQLi\Connection->execute('INSERT INTO `passenger` (`email`, `password`, `created_at`, `updated_at`) VALUES (\'123@gmail.com\', \'$2y$10$V/6GVaBVut4lRih/hTBnSe1dGlOfl/uO55ySdWmRhD1SD7JWou7h.\', \'2024-11-26 07:37:23\', \'2024-11-26 07:37:23\')')
 2 SYSTEMPATH\Database\BaseConnection.php(648): CodeIgniter\Database\BaseConnection->simpleQuery('INSERT INTO `passenger` (`email`, `password`, `created_at`, `updated_at`) VALUES (\'123@gmail.com\', \'$2y$10$V/6GVaBVut4lRih/hTBnSe1dGlOfl/uO55ySdWmRhD1SD7JWou7h.\', \'2024-11-26 07:37:23\', \'2024-11-26 07:37:23\')')
 3 SYSTEMPATH\Database\BaseBuilder.php(2340): CodeIgniter\Database\BaseConnection->query('INSERT INTO `passenger` (`email`, `password`, `created_at`, `updated_at`) VALUES (:email:, :password:, :created_at:, :updated_at:)', [...], false)
 4 SYSTEMPATH\Model.php(394): CodeIgniter\Database\BaseBuilder->insert()
 5 SYSTEMPATH\BaseModel.php(840): CodeIgniter\Model->doInsert([...])
 6 SYSTEMPATH\Model.php(802): CodeIgniter\BaseModel->insert([...], true)
 7 APPPATH\Controllers\Passenger.php(23): CodeIgniter\Model->insert([...])
 8 SYSTEMPATH\CodeIgniter.php(933): App\Controllers\Passenger->register()
 9 SYSTEMPATH\CodeIgniter.php(509): CodeIgniter\CodeIgniter->runController(Object(App\Controllers\Passenger))
10 SYSTEMPATH\CodeIgniter.php(355): CodeIgniter\CodeIgniter->handleRequest(null, Object(Config\Cache), false)
11 SYSTEMPATH\Boot.php(325): CodeIgniter\CodeIgniter->run()
12 SYSTEMPATH\Boot.php(67): CodeIgniter\Boot::runCodeIgniter(Object(CodeIgniter\CodeIgniter))
13 FCPATH\index.php(56): CodeIgniter\Boot::bootWeb(Object(Config\Paths))
CRITICAL - 2024-11-26 07:37:23 --> [Caused by] mysqli_sql_exception: Unknown column 'created_at' in 'field list'
in SYSTEMPATH\Database\MySQLi\Connection.php on line 312.
 1 SYSTEMPATH\Database\MySQLi\Connection.php(312): mysqli->query('INSERT INTO `passenger` (`email`, `password`, `created_at`, `updated_at`) VALUES (\'123@gmail.com\', \'$2y$10$V/6GVaBVut4lRih/hTBnSe1dGlOfl/uO55ySdWmRhD1SD7JWou7h.\', \'2024-11-26 07:37:23\', \'2024-11-26 07:37:23\')', 0)
 2 SYSTEMPATH\Database\BaseConnection.php(734): CodeIgniter\Database\MySQLi\Connection->execute('INSERT INTO `passenger` (`email`, `password`, `created_at`, `updated_at`) VALUES (\'123@gmail.com\', \'$2y$10$V/6GVaBVut4lRih/hTBnSe1dGlOfl/uO55ySdWmRhD1SD7JWou7h.\', \'2024-11-26 07:37:23\', \'2024-11-26 07:37:23\')')
 3 SYSTEMPATH\Database\BaseConnection.php(648): CodeIgniter\Database\BaseConnection->simpleQuery('INSERT INTO `passenger` (`email`, `password`, `created_at`, `updated_at`) VALUES (\'123@gmail.com\', \'$2y$10$V/6GVaBVut4lRih/hTBnSe1dGlOfl/uO55ySdWmRhD1SD7JWou7h.\', \'2024-11-26 07:37:23\', \'2024-11-26 07:37:23\')')
 4 SYSTEMPATH\Database\BaseBuilder.php(2340): CodeIgniter\Database\BaseConnection->query('INSERT INTO `passenger` (`email`, `password`, `created_at`, `updated_at`) VALUES (:email:, :password:, :created_at:, :updated_at:)', [...], false)
 5 SYSTEMPATH\Model.php(394): CodeIgniter\Database\BaseBuilder->insert()
 6 SYSTEMPATH\BaseModel.php(840): CodeIgniter\Model->doInsert([...])
 7 SYSTEMPATH\Model.php(802): CodeIgniter\BaseModel->insert([...], true)
 8 APPPATH\Controllers\Passenger.php(23): CodeIgniter\Model->insert([...])
 9 SYSTEMPATH\CodeIgniter.php(933): App\Controllers\Passenger->register()
10 SYSTEMPATH\CodeIgniter.php(509): CodeIgniter\CodeIgniter->runController(Object(App\Controllers\Passenger))
11 SYSTEMPATH\CodeIgniter.php(355): CodeIgniter\CodeIgniter->handleRequest(null, Object(Config\Cache), false)
12 SYSTEMPATH\Boot.php(325): CodeIgniter\CodeIgniter->run()
13 SYSTEMPATH\Boot.php(67): CodeIgniter\Boot::runCodeIgniter(Object(CodeIgniter\CodeIgniter))
14 FCPATH\index.php(56): CodeIgniter\Boot::bootWeb(Object(Config\Paths))
ERROR - 2024-11-26 07:37:24 --> mysqli_sql_exception: Unknown column 'created_at' in 'field list' in C:\xampp\htdocs\TX32-24-TamaFlights\system\Database\MySQLi\Connection.php:312
Stack trace:
#0 C:\xampp\htdocs\TX32-24-TamaFlights\system\Database\MySQLi\Connection.php(312): mysqli->query('INSERT INTO `pa...', 0)
#1 C:\xampp\htdocs\TX32-24-TamaFlights\system\Database\BaseConnection.php(734): CodeIgniter\Database\MySQLi\Connection->execute('INSERT INTO `pa...')
#2 C:\xampp\htdocs\TX32-24-TamaFlights\system\Database\BaseConnection.php(648): CodeIgniter\Database\BaseConnection->simpleQuery('INSERT INTO `pa...')
#3 C:\xampp\htdocs\TX32-24-TamaFlights\system\Database\BaseBuilder.php(2340): CodeIgniter\Database\BaseConnection->query('INSERT INTO `pa...', Array, false)
#4 C:\xampp\htdocs\TX32-24-TamaFlights\system\Model.php(394): CodeIgniter\Database\BaseBuilder->insert()
#5 C:\xampp\htdocs\TX32-24-TamaFlights\system\BaseModel.php(840): CodeIgniter\Model->doInsert(Array)
#6 C:\xampp\htdocs\TX32-24-TamaFlights\system\Model.php(802): CodeIgniter\BaseModel->insert(Array, true)
#7 C:\xampp\htdocs\TX32-24-TamaFlights\app\Controllers\Passenger.php(23): CodeIgniter\Model->insert(Array)
#8 C:\xampp\htdocs\TX32-24-TamaFlights\system\CodeIgniter.php(933): App\Controllers\Passenger->register()
#9 C:\xampp\htdocs\TX32-24-TamaFlights\system\CodeIgniter.php(509): CodeIgniter\CodeIgniter->runController(Object(App\Controllers\Passenger))
#10 C:\xampp\htdocs\TX32-24-TamaFlights\system\CodeIgniter.php(355): CodeIgniter\CodeIgniter->handleRequest(NULL, Object(Config\Cache), false)
#11 C:\xampp\htdocs\TX32-24-TamaFlights\system\Boot.php(325): CodeIgniter\CodeIgniter->run()
#12 C:\xampp\htdocs\TX32-24-TamaFlights\system\Boot.php(67): CodeIgniter\Boot::runCodeIgniter(Object(CodeIgniter\CodeIgniter))
#13 C:\xampp\htdocs\TX32-24-TamaFlights\index.php(56): CodeIgniter\Boot::bootWeb(Object(Config\Paths))
#14 {main}
CRITICAL - 2024-11-26 07:37:24 --> CodeIgniter\Database\Exceptions\DatabaseException: Unknown column 'created_at' in 'field list'
[Method: POST, Route: signup/register]
in SYSTEMPATH\Database\BaseConnection.php on line 688.
 1 SYSTEMPATH\Database\BaseBuilder.php(2340): CodeIgniter\Database\BaseConnection->query('INSERT INTO `passenger` (`email`, `password`, `created_at`, `updated_at`) VALUES (:email:, :password:, :created_at:, :updated_at:)', [...], false)
 2 SYSTEMPATH\Model.php(394): CodeIgniter\Database\BaseBuilder->insert()
 3 SYSTEMPATH\BaseModel.php(840): CodeIgniter\Model->doInsert([...])
 4 SYSTEMPATH\Model.php(802): CodeIgniter\BaseModel->insert([...], true)
 5 APPPATH\Controllers\Passenger.php(23): CodeIgniter\Model->insert([...])
 6 SYSTEMPATH\CodeIgniter.php(933): App\Controllers\Passenger->register()
 7 SYSTEMPATH\CodeIgniter.php(509): CodeIgniter\CodeIgniter->runController(Object(App\Controllers\Passenger))
 8 SYSTEMPATH\CodeIgniter.php(355): CodeIgniter\CodeIgniter->handleRequest(null, Object(Config\Cache), false)
 9 SYSTEMPATH\Boot.php(325): CodeIgniter\CodeIgniter->run()
10 SYSTEMPATH\Boot.php(67): CodeIgniter\Boot::runCodeIgniter(Object(CodeIgniter\CodeIgniter))
11 FCPATH\index.php(56): CodeIgniter\Boot::bootWeb(Object(Config\Paths))
CRITICAL - 2024-11-26 07:37:24 --> [Caused by] CodeIgniter\Database\Exceptions\DatabaseException: Unknown column 'created_at' in 'field list'
in SYSTEMPATH\Database\MySQLi\Connection.php on line 317.
 1 SYSTEMPATH\Database\BaseConnection.php(734): CodeIgniter\Database\MySQLi\Connection->execute('INSERT INTO `passenger` (`email`, `password`, `created_at`, `updated_at`) VALUES (\'123@gmail.com\', \'$2y$10$w1qGUPQTp/Q4zta.JZNSfuF7RYMcwPudNZ7G5EcRbI62POoRmY.Zq\', \'2024-11-26 07:37:24\', \'2024-11-26 07:37:24\')')
 2 SYSTEMPATH\Database\BaseConnection.php(648): CodeIgniter\Database\BaseConnection->simpleQuery('INSERT INTO `passenger` (`email`, `password`, `created_at`, `updated_at`) VALUES (\'123@gmail.com\', \'$2y$10$w1qGUPQTp/Q4zta.JZNSfuF7RYMcwPudNZ7G5EcRbI62POoRmY.Zq\', \'2024-11-26 07:37:24\', \'2024-11-26 07:37:24\')')
 3 SYSTEMPATH\Database\BaseBuilder.php(2340): CodeIgniter\Database\BaseConnection->query('INSERT INTO `passenger` (`email`, `password`, `created_at`, `updated_at`) VALUES (:email:, :password:, :created_at:, :updated_at:)', [...], false)
 4 SYSTEMPATH\Model.php(394): CodeIgniter\Database\BaseBuilder->insert()
 5 SYSTEMPATH\BaseModel.php(840): CodeIgniter\Model->doInsert([...])
 6 SYSTEMPATH\Model.php(802): CodeIgniter\BaseModel->insert([...], true)
 7 APPPATH\Controllers\Passenger.php(23): CodeIgniter\Model->insert([...])
 8 SYSTEMPATH\CodeIgniter.php(933): App\Controllers\Passenger->register()
 9 SYSTEMPATH\CodeIgniter.php(509): CodeIgniter\CodeIgniter->runController(Object(App\Controllers\Passenger))
10 SYSTEMPATH\CodeIgniter.php(355): CodeIgniter\CodeIgniter->handleRequest(null, Object(Config\Cache), false)
11 SYSTEMPATH\Boot.php(325): CodeIgniter\CodeIgniter->run()
12 SYSTEMPATH\Boot.php(67): CodeIgniter\Boot::runCodeIgniter(Object(CodeIgniter\CodeIgniter))
13 FCPATH\index.php(56): CodeIgniter\Boot::bootWeb(Object(Config\Paths))
CRITICAL - 2024-11-26 07:37:24 --> [Caused by] mysqli_sql_exception: Unknown column 'created_at' in 'field list'
in SYSTEMPATH\Database\MySQLi\Connection.php on line 312.
 1 SYSTEMPATH\Database\MySQLi\Connection.php(312): mysqli->query('INSERT INTO `passenger` (`email`, `password`, `created_at`, `updated_at`) VALUES (\'123@gmail.com\', \'$2y$10$w1qGUPQTp/Q4zta.JZNSfuF7RYMcwPudNZ7G5EcRbI62POoRmY.Zq\', \'2024-11-26 07:37:24\', \'2024-11-26 07:37:24\')', 0)
 2 SYSTEMPATH\Database\BaseConnection.php(734): CodeIgniter\Database\MySQLi\Connection->execute('INSERT INTO `passenger` (`email`, `password`, `created_at`, `updated_at`) VALUES (\'123@gmail.com\', \'$2y$10$w1qGUPQTp/Q4zta.JZNSfuF7RYMcwPudNZ7G5EcRbI62POoRmY.Zq\', \'2024-11-26 07:37:24\', \'2024-11-26 07:37:24\')')
 3 SYSTEMPATH\Database\BaseConnection.php(648): CodeIgniter\Database\BaseConnection->simpleQuery('INSERT INTO `passenger` (`email`, `password`, `created_at`, `updated_at`) VALUES (\'123@gmail.com\', \'$2y$10$w1qGUPQTp/Q4zta.JZNSfuF7RYMcwPudNZ7G5EcRbI62POoRmY.Zq\', \'2024-11-26 07:37:24\', \'2024-11-26 07:37:24\')')
 4 SYSTEMPATH\Database\BaseBuilder.php(2340): CodeIgniter\Database\BaseConnection->query('INSERT INTO `passenger` (`email`, `password`, `created_at`, `updated_at`) VALUES (:email:, :password:, :created_at:, :updated_at:)', [...], false)
 5 SYSTEMPATH\Model.php(394): CodeIgniter\Database\BaseBuilder->insert()
 6 SYSTEMPATH\BaseModel.php(840): CodeIgniter\Model->doInsert([...])
 7 SYSTEMPATH\Model.php(802): CodeIgniter\BaseModel->insert([...], true)
 8 APPPATH\Controllers\Passenger.php(23): CodeIgniter\Model->insert([...])
 9 SYSTEMPATH\CodeIgniter.php(933): App\Controllers\Passenger->register()
10 SYSTEMPATH\CodeIgniter.php(509): CodeIgniter\CodeIgniter->runController(Object(App\Controllers\Passenger))
11 SYSTEMPATH\CodeIgniter.php(355): CodeIgniter\CodeIgniter->handleRequest(null, Object(Config\Cache), false)
12 SYSTEMPATH\Boot.php(325): CodeIgniter\CodeIgniter->run()
13 SYSTEMPATH\Boot.php(67): CodeIgniter\Boot::runCodeIgniter(Object(CodeIgniter\CodeIgniter))
14 FCPATH\index.php(56): CodeIgniter\Boot::bootWeb(Object(Config\Paths))
ERROR - 2024-11-26 07:38:14 --> mysqli_sql_exception: Unknown column 'created_at' in 'field list' in C:\xampp\htdocs\TX32-24-TamaFlights\system\Database\MySQLi\Connection.php:312
Stack trace:
#0 C:\xampp\htdocs\TX32-24-TamaFlights\system\Database\MySQLi\Connection.php(312): mysqli->query('INSERT INTO `pa...', 0)
#1 C:\xampp\htdocs\TX32-24-TamaFlights\system\Database\BaseConnection.php(734): CodeIgniter\Database\MySQLi\Connection->execute('INSERT INTO `pa...')
#2 C:\xampp\htdocs\TX32-24-TamaFlights\system\Database\BaseConnection.php(648): CodeIgniter\Database\BaseConnection->simpleQuery('INSERT INTO `pa...')
#3 C:\xampp\htdocs\TX32-24-TamaFlights\system\Database\BaseBuilder.php(2340): CodeIgniter\Database\BaseConnection->query('INSERT INTO `pa...', Array, false)
#4 C:\xampp\htdocs\TX32-24-TamaFlights\system\Model.php(394): CodeIgniter\Database\BaseBuilder->insert()
#5 C:\xampp\htdocs\TX32-24-TamaFlights\system\BaseModel.php(840): CodeIgniter\Model->doInsert(Array)
#6 C:\xampp\htdocs\TX32-24-TamaFlights\system\Model.php(802): CodeIgniter\BaseModel->insert(Array, true)
#7 C:\xampp\htdocs\TX32-24-TamaFlights\app\Controllers\Passenger.php(23): CodeIgniter\Model->insert(Array)
#8 C:\xampp\htdocs\TX32-24-TamaFlights\system\CodeIgniter.php(933): App\Controllers\Passenger->register()
#9 C:\xampp\htdocs\TX32-24-TamaFlights\system\CodeIgniter.php(509): CodeIgniter\CodeIgniter->runController(Object(App\Controllers\Passenger))
#10 C:\xampp\htdocs\TX32-24-TamaFlights\system\CodeIgniter.php(355): CodeIgniter\CodeIgniter->handleRequest(NULL, Object(Config\Cache), false)
#11 C:\xampp\htdocs\TX32-24-TamaFlights\system\Boot.php(325): CodeIgniter\CodeIgniter->run()
#12 C:\xampp\htdocs\TX32-24-TamaFlights\system\Boot.php(67): CodeIgniter\Boot::runCodeIgniter(Object(CodeIgniter\CodeIgniter))
#13 C:\xampp\htdocs\TX32-24-TamaFlights\index.php(56): CodeIgniter\Boot::bootWeb(Object(Config\Paths))
#14 {main}
CRITICAL - 2024-11-26 07:38:14 --> CodeIgniter\Database\Exceptions\DatabaseException: Unknown column 'created_at' in 'field list'
[Method: POST, Route: signup/register]
in SYSTEMPATH\Database\BaseConnection.php on line 688.
 1 SYSTEMPATH\Database\BaseBuilder.php(2340): CodeIgniter\Database\BaseConnection->query('INSERT INTO `passenger` (`email`, `password`, `created_at`, `updated_at`) VALUES (:email:, :password:, :created_at:, :updated_at:)', [...], false)
 2 SYSTEMPATH\Model.php(394): CodeIgniter\Database\BaseBuilder->insert()
 3 SYSTEMPATH\BaseModel.php(840): CodeIgniter\Model->doInsert([...])
 4 SYSTEMPATH\Model.php(802): CodeIgniter\BaseModel->insert([...], true)
 5 APPPATH\Controllers\Passenger.php(23): CodeIgniter\Model->insert([...])
 6 SYSTEMPATH\CodeIgniter.php(933): App\Controllers\Passenger->register()
 7 SYSTEMPATH\CodeIgniter.php(509): CodeIgniter\CodeIgniter->runController(Object(App\Controllers\Passenger))
 8 SYSTEMPATH\CodeIgniter.php(355): CodeIgniter\CodeIgniter->handleRequest(null, Object(Config\Cache), false)
 9 SYSTEMPATH\Boot.php(325): CodeIgniter\CodeIgniter->run()
10 SYSTEMPATH\Boot.php(67): CodeIgniter\Boot::runCodeIgniter(Object(CodeIgniter\CodeIgniter))
11 FCPATH\index.php(56): CodeIgniter\Boot::bootWeb(Object(Config\Paths))
CRITICAL - 2024-11-26 07:38:14 --> [Caused by] CodeIgniter\Database\Exceptions\DatabaseException: Unknown column 'created_at' in 'field list'
in SYSTEMPATH\Database\MySQLi\Connection.php on line 317.
 1 SYSTEMPATH\Database\BaseConnection.php(734): CodeIgniter\Database\MySQLi\Connection->execute('INSERT INTO `passenger` (`email`, `password`, `created_at`, `updated_at`) VALUES (\'123@gmail.com\', \'$2y$10$8I/3jMSqg5Xnm6AKsAi/H.oM4AjfpW.gH3O7OVhi71qcUbG./Pnfy\', \'2024-11-26 07:38:13\', \'2024-11-26 07:38:13\')')
 2 SYSTEMPATH\Database\BaseConnection.php(648): CodeIgniter\Database\BaseConnection->simpleQuery('INSERT INTO `passenger` (`email`, `password`, `created_at`, `updated_at`) VALUES (\'123@gmail.com\', \'$2y$10$8I/3jMSqg5Xnm6AKsAi/H.oM4AjfpW.gH3O7OVhi71qcUbG./Pnfy\', \'2024-11-26 07:38:13\', \'2024-11-26 07:38:13\')')
 3 SYSTEMPATH\Database\BaseBuilder.php(2340): CodeIgniter\Database\BaseConnection->query('INSERT INTO `passenger` (`email`, `password`, `created_at`, `updated_at`) VALUES (:email:, :password:, :created_at:, :updated_at:)', [...], false)
 4 SYSTEMPATH\Model.php(394): CodeIgniter\Database\BaseBuilder->insert()
 5 SYSTEMPATH\BaseModel.php(840): CodeIgniter\Model->doInsert([...])
 6 SYSTEMPATH\Model.php(802): CodeIgniter\BaseModel->insert([...], true)
 7 APPPATH\Controllers\Passenger.php(23): CodeIgniter\Model->insert([...])
 8 SYSTEMPATH\CodeIgniter.php(933): App\Controllers\Passenger->register()
 9 SYSTEMPATH\CodeIgniter.php(509): CodeIgniter\CodeIgniter->runController(Object(App\Controllers\Passenger))
10 SYSTEMPATH\CodeIgniter.php(355): CodeIgniter\CodeIgniter->handleRequest(null, Object(Config\Cache), false)
11 SYSTEMPATH\Boot.php(325): CodeIgniter\CodeIgniter->run()
12 SYSTEMPATH\Boot.php(67): CodeIgniter\Boot::runCodeIgniter(Object(CodeIgniter\CodeIgniter))
13 FCPATH\index.php(56): CodeIgniter\Boot::bootWeb(Object(Config\Paths))
CRITICAL - 2024-11-26 07:38:14 --> [Caused by] mysqli_sql_exception: Unknown column 'created_at' in 'field list'
in SYSTEMPATH\Database\MySQLi\Connection.php on line 312.
 1 SYSTEMPATH\Database\MySQLi\Connection.php(312): mysqli->query('INSERT INTO `passenger` (`email`, `password`, `created_at`, `updated_at`) VALUES (\'123@gmail.com\', \'$2y$10$8I/3jMSqg5Xnm6AKsAi/H.oM4AjfpW.gH3O7OVhi71qcUbG./Pnfy\', \'2024-11-26 07:38:13\', \'2024-11-26 07:38:13\')', 0)
 2 SYSTEMPATH\Database\BaseConnection.php(734): CodeIgniter\Database\MySQLi\Connection->execute('INSERT INTO `passenger` (`email`, `password`, `created_at`, `updated_at`) VALUES (\'123@gmail.com\', \'$2y$10$8I/3jMSqg5Xnm6AKsAi/H.oM4AjfpW.gH3O7OVhi71qcUbG./Pnfy\', \'2024-11-26 07:38:13\', \'2024-11-26 07:38:13\')')
 3 SYSTEMPATH\Database\BaseConnection.php(648): CodeIgniter\Database\BaseConnection->simpleQuery('INSERT INTO `passenger` (`email`, `password`, `created_at`, `updated_at`) VALUES (\'123@gmail.com\', \'$2y$10$8I/3jMSqg5Xnm6AKsAi/H.oM4AjfpW.gH3O7OVhi71qcUbG./Pnfy\', \'2024-11-26 07:38:13\', \'2024-11-26 07:38:13\')')
 4 SYSTEMPATH\Database\BaseBuilder.php(2340): CodeIgniter\Database\BaseConnection->query('INSERT INTO `passenger` (`email`, `password`, `created_at`, `updated_at`) VALUES (:email:, :password:, :created_at:, :updated_at:)', [...], false)
 5 SYSTEMPATH\Model.php(394): CodeIgniter\Database\BaseBuilder->insert()
 6 SYSTEMPATH\BaseModel.php(840): CodeIgniter\Model->doInsert([...])
 7 SYSTEMPATH\Model.php(802): CodeIgniter\BaseModel->insert([...], true)
 8 APPPATH\Controllers\Passenger.php(23): CodeIgniter\Model->insert([...])
 9 SYSTEMPATH\CodeIgniter.php(933): App\Controllers\Passenger->register()
10 SYSTEMPATH\CodeIgniter.php(509): CodeIgniter\CodeIgniter->runController(Object(App\Controllers\Passenger))
11 SYSTEMPATH\CodeIgniter.php(355): CodeIgniter\CodeIgniter->handleRequest(null, Object(Config\Cache), false)
12 SYSTEMPATH\Boot.php(325): CodeIgniter\CodeIgniter->run()
13 SYSTEMPATH\Boot.php(67): CodeIgniter\Boot::runCodeIgniter(Object(CodeIgniter\CodeIgniter))
14 FCPATH\index.php(56): CodeIgniter\Boot::bootWeb(Object(Config\Paths))
ERROR - 2024-11-26 07:40:12 --> mysqli_sql_exception: Unknown column 'created_at' in 'field list' in C:\xampp\htdocs\TX32-24-TamaFlights\system\Database\MySQLi\Connection.php:312
Stack trace:
#0 C:\xampp\htdocs\TX32-24-TamaFlights\system\Database\MySQLi\Connection.php(312): mysqli->query('INSERT INTO `pa...', 0)
#1 C:\xampp\htdocs\TX32-24-TamaFlights\system\Database\BaseConnection.php(734): CodeIgniter\Database\MySQLi\Connection->execute('INSERT INTO `pa...')
#2 C:\xampp\htdocs\TX32-24-TamaFlights\system\Database\BaseConnection.php(648): CodeIgniter\Database\BaseConnection->simpleQuery('INSERT INTO `pa...')
#3 C:\xampp\htdocs\TX32-24-TamaFlights\system\Database\BaseBuilder.php(2340): CodeIgniter\Database\BaseConnection->query('INSERT INTO `pa...', Array, false)
#4 C:\xampp\htdocs\TX32-24-TamaFlights\system\Model.php(394): CodeIgniter\Database\BaseBuilder->insert()
#5 C:\xampp\htdocs\TX32-24-TamaFlights\system\BaseModel.php(840): CodeIgniter\Model->doInsert(Array)
#6 C:\xampp\htdocs\TX32-24-TamaFlights\system\Model.php(802): CodeIgniter\BaseModel->insert(Array, true)
#7 C:\xampp\htdocs\TX32-24-TamaFlights\app\Controllers\Passenger.php(23): CodeIgniter\Model->insert(Array)
#8 C:\xampp\htdocs\TX32-24-TamaFlights\system\CodeIgniter.php(933): App\Controllers\Passenger->register()
#9 C:\xampp\htdocs\TX32-24-TamaFlights\system\CodeIgniter.php(509): CodeIgniter\CodeIgniter->runController(Object(App\Controllers\Passenger))
#10 C:\xampp\htdocs\TX32-24-TamaFlights\system\CodeIgniter.php(355): CodeIgniter\CodeIgniter->handleRequest(NULL, Object(Config\Cache), false)
#11 C:\xampp\htdocs\TX32-24-TamaFlights\system\Boot.php(325): CodeIgniter\CodeIgniter->run()
#12 C:\xampp\htdocs\TX32-24-TamaFlights\system\Boot.php(67): CodeIgniter\Boot::runCodeIgniter(Object(CodeIgniter\CodeIgniter))
#13 C:\xampp\htdocs\TX32-24-TamaFlights\index.php(56): CodeIgniter\Boot::bootWeb(Object(Config\Paths))
#14 {main}
CRITICAL - 2024-11-26 07:40:12 --> CodeIgniter\Database\Exceptions\DatabaseException: Unknown column 'created_at' in 'field list'
[Method: POST, Route: signup/register]
in SYSTEMPATH\Database\BaseConnection.php on line 688.
 1 SYSTEMPATH\Database\BaseBuilder.php(2340): CodeIgniter\Database\BaseConnection->query('INSERT INTO `passenger` (`email`, `password`, `created_at`, `updated_at`) VALUES (:email:, :password:, :created_at:, :updated_at:)', [...], false)
 2 SYSTEMPATH\Model.php(394): CodeIgniter\Database\BaseBuilder->insert()
 3 SYSTEMPATH\BaseModel.php(840): CodeIgniter\Model->doInsert([...])
 4 SYSTEMPATH\Model.php(802): CodeIgniter\BaseModel->insert([...], true)
 5 APPPATH\Controllers\Passenger.php(23): CodeIgniter\Model->insert([...])
 6 SYSTEMPATH\CodeIgniter.php(933): App\Controllers\Passenger->register()
 7 SYSTEMPATH\CodeIgniter.php(509): CodeIgniter\CodeIgniter->runController(Object(App\Controllers\Passenger))
 8 SYSTEMPATH\CodeIgniter.php(355): CodeIgniter\CodeIgniter->handleRequest(null, Object(Config\Cache), false)
 9 SYSTEMPATH\Boot.php(325): CodeIgniter\CodeIgniter->run()
10 SYSTEMPATH\Boot.php(67): CodeIgniter\Boot::runCodeIgniter(Object(CodeIgniter\CodeIgniter))
11 FCPATH\index.php(56): CodeIgniter\Boot::bootWeb(Object(Config\Paths))
CRITICAL - 2024-11-26 07:40:12 --> [Caused by] CodeIgniter\Database\Exceptions\DatabaseException: Unknown column 'created_at' in 'field list'
in SYSTEMPATH\Database\MySQLi\Connection.php on line 317.
 1 SYSTEMPATH\Database\BaseConnection.php(734): CodeIgniter\Database\MySQLi\Connection->execute('INSERT INTO `passenger` (`email`, `password`, `created_at`, `updated_at`) VALUES (\'123@gmail.com\', \'$2y$10$9FbVLos60a6DjH3iLWoDG.Sh6XllJyviPetnXfYpi69IiZzNa814y\', \'2024-11-26 07:40:12\', \'2024-11-26 07:40:12\')')
 2 SYSTEMPATH\Database\BaseConnection.php(648): CodeIgniter\Database\BaseConnection->simpleQuery('INSERT INTO `passenger` (`email`, `password`, `created_at`, `updated_at`) VALUES (\'123@gmail.com\', \'$2y$10$9FbVLos60a6DjH3iLWoDG.Sh6XllJyviPetnXfYpi69IiZzNa814y\', \'2024-11-26 07:40:12\', \'2024-11-26 07:40:12\')')
 3 SYSTEMPATH\Database\BaseBuilder.php(2340): CodeIgniter\Database\BaseConnection->query('INSERT INTO `passenger` (`email`, `password`, `created_at`, `updated_at`) VALUES (:email:, :password:, :created_at:, :updated_at:)', [...], false)
 4 SYSTEMPATH\Model.php(394): CodeIgniter\Database\BaseBuilder->insert()
 5 SYSTEMPATH\BaseModel.php(840): CodeIgniter\Model->doInsert([...])
 6 SYSTEMPATH\Model.php(802): CodeIgniter\BaseModel->insert([...], true)
 7 APPPATH\Controllers\Passenger.php(23): CodeIgniter\Model->insert([...])
 8 SYSTEMPATH\CodeIgniter.php(933): App\Controllers\Passenger->register()
 9 SYSTEMPATH\CodeIgniter.php(509): CodeIgniter\CodeIgniter->runController(Object(App\Controllers\Passenger))
10 SYSTEMPATH\CodeIgniter.php(355): CodeIgniter\CodeIgniter->handleRequest(null, Object(Config\Cache), false)
11 SYSTEMPATH\Boot.php(325): CodeIgniter\CodeIgniter->run()
12 SYSTEMPATH\Boot.php(67): CodeIgniter\Boot::runCodeIgniter(Object(CodeIgniter\CodeIgniter))
13 FCPATH\index.php(56): CodeIgniter\Boot::bootWeb(Object(Config\Paths))
CRITICAL - 2024-11-26 07:40:12 --> [Caused by] mysqli_sql_exception: Unknown column 'created_at' in 'field list'
in SYSTEMPATH\Database\MySQLi\Connection.php on line 312.
 1 SYSTEMPATH\Database\MySQLi\Connection.php(312): mysqli->query('INSERT INTO `passenger` (`email`, `password`, `created_at`, `updated_at`) VALUES (\'123@gmail.com\', \'$2y$10$9FbVLos60a6DjH3iLWoDG.Sh6XllJyviPetnXfYpi69IiZzNa814y\', \'2024-11-26 07:40:12\', \'2024-11-26 07:40:12\')', 0)
 2 SYSTEMPATH\Database\BaseConnection.php(734): CodeIgniter\Database\MySQLi\Connection->execute('INSERT INTO `passenger` (`email`, `password`, `created_at`, `updated_at`) VALUES (\'123@gmail.com\', \'$2y$10$9FbVLos60a6DjH3iLWoDG.Sh6XllJyviPetnXfYpi69IiZzNa814y\', \'2024-11-26 07:40:12\', \'2024-11-26 07:40:12\')')
 3 SYSTEMPATH\Database\BaseConnection.php(648): CodeIgniter\Database\BaseConnection->simpleQuery('INSERT INTO `passenger` (`email`, `password`, `created_at`, `updated_at`) VALUES (\'123@gmail.com\', \'$2y$10$9FbVLos60a6DjH3iLWoDG.Sh6XllJyviPetnXfYpi69IiZzNa814y\', \'2024-11-26 07:40:12\', \'2024-11-26 07:40:12\')')
 4 SYSTEMPATH\Database\BaseBuilder.php(2340): CodeIgniter\Database\BaseConnection->query('INSERT INTO `passenger` (`email`, `password`, `created_at`, `updated_at`) VALUES (:email:, :password:, :created_at:, :updated_at:)', [...], false)
 5 SYSTEMPATH\Model.php(394): CodeIgniter\Database\BaseBuilder->insert()
 6 SYSTEMPATH\BaseModel.php(840): CodeIgniter\Model->doInsert([...])
 7 SYSTEMPATH\Model.php(802): CodeIgniter\BaseModel->insert([...], true)
 8 APPPATH\Controllers\Passenger.php(23): CodeIgniter\Model->insert([...])
 9 SYSTEMPATH\CodeIgniter.php(933): App\Controllers\Passenger->register()
10 SYSTEMPATH\CodeIgniter.php(509): CodeIgniter\CodeIgniter->runController(Object(App\Controllers\Passenger))
11 SYSTEMPATH\CodeIgniter.php(355): CodeIgniter\CodeIgniter->handleRequest(null, Object(Config\Cache), false)
12 SYSTEMPATH\Boot.php(325): CodeIgniter\CodeIgniter->run()
13 SYSTEMPATH\Boot.php(67): CodeIgniter\Boot::runCodeIgniter(Object(CodeIgniter\CodeIgniter))
14 FCPATH\index.php(56): CodeIgniter\Boot::bootWeb(Object(Config\Paths))
CRITICAL - 2024-11-26 07:56:29 --> ErrorException: Undefined variable $password
[Method: GET, Route: signup]
in APPPATH\Views\signuppage.php on line 8.
 1 APPPATH\Views\signuppage.php(8): CodeIgniter\Debug\Exceptions->errorHandler(2, 'Undefined variable $password', 'C:\\xampp\\htdocs\\TX32-24-TamaFlights\\app\\Views\\signuppage.php', 8)
 2 SYSTEMPATH\View\View.php(234): include('C:\\xampp\\htdocs\\TX32-24-TamaFlights\\app\\Views\\signuppage.php')
 3 SYSTEMPATH\View\View.php(237): CodeIgniter\View\View->CodeIgniter\View\{closure}()
 4 SYSTEMPATH\Common.php(1171): CodeIgniter\View\View->render('signuppage', [], true)
 5 APPPATH\Controllers\Home.php(39): view('signuppage', [...])
 6 SYSTEMPATH\CodeIgniter.php(933): App\Controllers\Home->signup()
 7 SYSTEMPATH\CodeIgniter.php(509): CodeIgniter\CodeIgniter->runController(Object(App\Controllers\Home))
 8 SYSTEMPATH\CodeIgniter.php(355): CodeIgniter\CodeIgniter->handleRequest(null, Object(Config\Cache), false)
 9 SYSTEMPATH\Boot.php(325): CodeIgniter\CodeIgniter->run()
10 SYSTEMPATH\Boot.php(67): CodeIgniter\Boot::runCodeIgniter(Object(CodeIgniter\CodeIgniter))
11 FCPATH\index.php(56): CodeIgniter\Boot::bootWeb(Object(Config\Paths))
CRITICAL - 2024-11-26 08:07:34 --> ErrorException: Undefined variable $message
[Method: GET, Route: signup]
in APPPATH\Views\signuppage.php on line 39.
 1 APPPATH\Views\signuppage.php(39): CodeIgniter\Debug\Exceptions->errorHandler(2, 'Undefined variable $message', 'C:\\xampp\\htdocs\\TX32-24-TamaFlights\\app\\Views\\signuppage.php', 39)
 2 SYSTEMPATH\View\View.php(234): include('C:\\xampp\\htdocs\\TX32-24-TamaFlights\\app\\Views\\signuppage.php')
 3 SYSTEMPATH\View\View.php(237): CodeIgniter\View\View->CodeIgniter\View\{closure}()
 4 SYSTEMPATH\Common.php(1171): CodeIgniter\View\View->render('signuppage', [], true)
 5 APPPATH\Controllers\Home.php(38): view('signuppage', [...])
 6 SYSTEMPATH\CodeIgniter.php(933): App\Controllers\Home->signup()
 7 SYSTEMPATH\CodeIgniter.php(509): CodeIgniter\CodeIgniter->runController(Object(App\Controllers\Home))
 8 SYSTEMPATH\CodeIgniter.php(355): CodeIgniter\CodeIgniter->handleRequest(null, Object(Config\Cache), false)
 9 SYSTEMPATH\Boot.php(325): CodeIgniter\CodeIgniter->run()
10 SYSTEMPATH\Boot.php(67): CodeIgniter\Boot::runCodeIgniter(Object(CodeIgniter\CodeIgniter))
11 FCPATH\index.php(56): CodeIgniter\Boot::bootWeb(Object(Config\Paths))
CRITICAL - 2024-11-26 08:09:27 --> TypeError: CodeIgniter\HTTP\RedirectResponse::to(): Argument #2 ($code) must be of type ?int, string given, called in C:\xampp\htdocs\TX32-24-TamaFlights\app\Controllers\Passenger.php on line 32
[Method: POST, Route: signup/register]
in SYSTEMPATH\HTTP\RedirectResponse.php on line 36.
 1 APPPATH\Controllers\Passenger.php(32): CodeIgniter\HTTP\RedirectResponse->to('signuppage', 'Passwords do not match.')
 2 SYSTEMPATH\CodeIgniter.php(933): App\Controllers\Passenger->register()
 3 SYSTEMPATH\CodeIgniter.php(509): CodeIgniter\CodeIgniter->runController(Object(App\Controllers\Passenger))
 4 SYSTEMPATH\CodeIgniter.php(355): CodeIgniter\CodeIgniter->handleRequest(null, Object(Config\Cache), false)
 5 SYSTEMPATH\Boot.php(325): CodeIgniter\CodeIgniter->run()
 6 SYSTEMPATH\Boot.php(67): CodeIgniter\Boot::runCodeIgniter(Object(CodeIgniter\CodeIgniter))
 7 FCPATH\index.php(56): CodeIgniter\Boot::bootWeb(Object(Config\Paths))
CRITICAL - 2024-11-26 08:10:02 --> TypeError: CodeIgniter\HTTP\RedirectResponse::to(): Argument #2 ($code) must be of type ?int, string given, called in C:\xampp\htdocs\TX32-24-TamaFlights\app\Controllers\Passenger.php on line 32
[Method: POST, Route: signup/register]
in SYSTEMPATH\HTTP\RedirectResponse.php on line 36.
 1 APPPATH\Controllers\Passenger.php(32): CodeIgniter\HTTP\RedirectResponse->to('signuppage', 'Passwords do not match.')
 2 SYSTEMPATH\CodeIgniter.php(933): App\Controllers\Passenger->register()
 3 SYSTEMPATH\CodeIgniter.php(509): CodeIgniter\CodeIgniter->runController(Object(App\Controllers\Passenger))
 4 SYSTEMPATH\CodeIgniter.php(355): CodeIgniter\CodeIgniter->handleRequest(null, Object(Config\Cache), false)
 5 SYSTEMPATH\Boot.php(325): CodeIgniter\CodeIgniter->run()
 6 SYSTEMPATH\Boot.php(67): CodeIgniter\Boot::runCodeIgniter(Object(CodeIgniter\CodeIgniter))
 7 FCPATH\index.php(56): CodeIgniter\Boot::bootWeb(Object(Config\Paths))
CRITICAL - 2024-11-26 08:11:19 --> ParseError: syntax error, unexpected variable "$message", expecting "function" or "const"
[Method: GET, Route: signup]
in APPPATH\Controllers\Passenger.php on line 9.
 1 SYSTEMPATH\Autoloader\Autoloader.php(296): CodeIgniter\Autoloader\Autoloader->includeFile('C:\\xampp\\htdocs\\TX32-24-TamaFlights\\app\\Controllers\\Passenger.php')
 2 SYSTEMPATH\Autoloader\Autoloader.php(272): CodeIgniter\Autoloader\Autoloader->loadInNamespace('App\\Controllers\\Passenger')
 3 [internal function]: CodeIgniter\Autoloader\Autoloader->loadClass('App\\Controllers\\Passenger')
 4 SYSTEMPATH\CodeIgniter.php(887): class_exists('\\App\\Controllers\\Passenger', true)
 5 SYSTEMPATH\CodeIgniter.php(496): CodeIgniter\CodeIgniter->startController()
 6 SYSTEMPATH\CodeIgniter.php(355): CodeIgniter\CodeIgniter->handleRequest(null, Object(Config\Cache), false)
 7 SYSTEMPATH\Boot.php(325): CodeIgniter\CodeIgniter->run()
 8 SYSTEMPATH\Boot.php(67): CodeIgniter\Boot::runCodeIgniter(Object(CodeIgniter\CodeIgniter))
 9 FCPATH\index.php(56): CodeIgniter\Boot::bootWeb(Object(Config\Paths))
CRITICAL - 2024-11-26 08:11:21 --> ParseError: syntax error, unexpected variable "$message", expecting "function" or "const"
[Method: GET, Route: signup]
in APPPATH\Controllers\Passenger.php on line 9.
 1 SYSTEMPATH\Autoloader\Autoloader.php(296): CodeIgniter\Autoloader\Autoloader->includeFile('C:\\xampp\\htdocs\\TX32-24-TamaFlights\\app\\Controllers\\Passenger.php')
 2 SYSTEMPATH\Autoloader\Autoloader.php(272): CodeIgniter\Autoloader\Autoloader->loadInNamespace('App\\Controllers\\Passenger')
 3 [internal function]: CodeIgniter\Autoloader\Autoloader->loadClass('App\\Controllers\\Passenger')
 4 SYSTEMPATH\CodeIgniter.php(887): class_exists('\\App\\Controllers\\Passenger', true)
 5 SYSTEMPATH\CodeIgniter.php(496): CodeIgniter\CodeIgniter->startController()
 6 SYSTEMPATH\CodeIgniter.php(355): CodeIgniter\CodeIgniter->handleRequest(null, Object(Config\Cache), false)
 7 SYSTEMPATH\Boot.php(325): CodeIgniter\CodeIgniter->run()
 8 SYSTEMPATH\Boot.php(67): CodeIgniter\Boot::runCodeIgniter(Object(CodeIgniter\CodeIgniter))
 9 FCPATH\index.php(56): CodeIgniter\Boot::bootWeb(Object(Config\Paths))
CRITICAL - 2024-11-26 08:12:03 --> ErrorException: Undefined variable $data
[Method: POST, Route: signup/register]
in APPPATH\Controllers\Passenger.php on line 33.
 1 APPPATH\Controllers\Passenger.php(33): CodeIgniter\Debug\Exceptions->errorHandler(2, 'Undefined variable $data', 'C:\\xampp\\htdocs\\TX32-24-TamaFlights\\app\\Controllers\\Passenger.php', 33)
 2 SYSTEMPATH\CodeIgniter.php(933): App\Controllers\Passenger->register()
 3 SYSTEMPATH\CodeIgniter.php(509): CodeIgniter\CodeIgniter->runController(Object(App\Controllers\Passenger))
 4 SYSTEMPATH\CodeIgniter.php(355): CodeIgniter\CodeIgniter->handleRequest(null, Object(Config\Cache), false)
 5 SYSTEMPATH\Boot.php(325): CodeIgniter\CodeIgniter->run()
 6 SYSTEMPATH\Boot.php(67): CodeIgniter\Boot::runCodeIgniter(Object(CodeIgniter\CodeIgniter))
 7 FCPATH\index.php(56): CodeIgniter\Boot::bootWeb(Object(Config\Paths))
CRITICAL - 2024-11-26 08:12:27 --> ErrorException: Undefined variable $data
[Method: POST, Route: signup/register]
in APPPATH\Controllers\Passenger.php on line 33.
 1 APPPATH\Controllers\Passenger.php(33): CodeIgniter\Debug\Exceptions->errorHandler(2, 'Undefined variable $data', 'C:\\xampp\\htdocs\\TX32-24-TamaFlights\\app\\Controllers\\Passenger.php', 33)
 2 SYSTEMPATH\CodeIgniter.php(933): App\Controllers\Passenger->register()
 3 SYSTEMPATH\CodeIgniter.php(509): CodeIgniter\CodeIgniter->runController(Object(App\Controllers\Passenger))
 4 SYSTEMPATH\CodeIgniter.php(355): CodeIgniter\CodeIgniter->handleRequest(null, Object(Config\Cache), false)
 5 SYSTEMPATH\Boot.php(325): CodeIgniter\CodeIgniter->run()
 6 SYSTEMPATH\Boot.php(67): CodeIgniter\Boot::runCodeIgniter(Object(CodeIgniter\CodeIgniter))
 7 FCPATH\index.php(56): CodeIgniter\Boot::bootWeb(Object(Config\Paths))
CRITICAL - 2024-11-26 08:14:05 --> TypeError: CodeIgniter\HTTP\RedirectResponse::to(): Argument #2 ($code) must be of type ?int, array given, called in C:\xampp\htdocs\TX32-24-TamaFlights\app\Controllers\Passenger.php on line 43
[Method: POST, Route: signup/register]
in SYSTEMPATH\HTTP\RedirectResponse.php on line 36.
 1 APPPATH\Controllers\Passenger.php(43): CodeIgniter\HTTP\RedirectResponse->to('signuppage', [...])
 2 SYSTEMPATH\CodeIgniter.php(933): App\Controllers\Passenger->register()
 3 SYSTEMPATH\CodeIgniter.php(509): CodeIgniter\CodeIgniter->runController(Object(App\Controllers\Passenger))
 4 SYSTEMPATH\CodeIgniter.php(355): CodeIgniter\CodeIgniter->handleRequest(null, Object(Config\Cache), false)
 5 SYSTEMPATH\Boot.php(325): CodeIgniter\CodeIgniter->run()
 6 SYSTEMPATH\Boot.php(67): CodeIgniter\Boot::runCodeIgniter(Object(CodeIgniter\CodeIgniter))
 7 FCPATH\index.php(56): CodeIgniter\Boot::bootWeb(Object(Config\Paths))
CRITICAL - 2024-11-26 08:15:14 --> ErrorException: Undefined variable $css
[Method: POST, Route: signup/register]
in APPPATH\Views\components\top_layer.php on line 8.
 1 APPPATH\Views\components\top_layer.php(8): CodeIgniter\Debug\Exceptions->errorHandler(2, 'Undefined variable $css', 'C:\\xampp\\htdocs\\TX32-24-TamaFlights\\app\\Views\\components\\top_layer.php', 8)
 2 SYSTEMPATH\View\View.php(234): include('C:\\xampp\\htdocs\\TX32-24-TamaFlights\\app\\Views\\components\\top_layer.php')
 3 SYSTEMPATH\View\View.php(237): CodeIgniter\View\View->CodeIgniter\View\{closure}()
 4 SYSTEMPATH\View\View.php(487): CodeIgniter\View\View->render('components/top_layer', null, true)
 5 APPPATH\Views\layout\main.php(1): CodeIgniter\View\View->include('components/top_layer')
 6 SYSTEMPATH\View\View.php(234): include('C:\\xampp\\htdocs\\TX32-24-TamaFlights\\app\\Views\\layout\\main.php')
 7 SYSTEMPATH\View\View.php(237): CodeIgniter\View\View->CodeIgniter\View\{closure}()
 8 SYSTEMPATH\View\View.php(250): CodeIgniter\View\View->render('layout/main', [], true)
 9 SYSTEMPATH\Common.php(1171): CodeIgniter\View\View->render('signuppage', [], true)
10 APPPATH\Controllers\Passenger.php(43): view('signuppage', [...])
11 SYSTEMPATH\CodeIgniter.php(933): App\Controllers\Passenger->register()
12 SYSTEMPATH\CodeIgniter.php(509): CodeIgniter\CodeIgniter->runController(Object(App\Controllers\Passenger))
13 SYSTEMPATH\CodeIgniter.php(355): CodeIgniter\CodeIgniter->handleRequest(null, Object(Config\Cache), false)
14 SYSTEMPATH\Boot.php(325): CodeIgniter\CodeIgniter->run()
15 SYSTEMPATH\Boot.php(67): CodeIgniter\Boot::runCodeIgniter(Object(CodeIgniter\CodeIgniter))
16 FCPATH\index.php(56): CodeIgniter\Boot::bootWeb(Object(Config\Paths))
CRITICAL - 2024-11-26 08:16:08 --> ParseError: syntax error, unexpected single-quoted string "css", expecting "]"
[Method: POST, Route: signup/register]
in APPPATH\Controllers\Passenger.php on line 36.
 1 SYSTEMPATH\Autoloader\Autoloader.php(296): CodeIgniter\Autoloader\Autoloader->includeFile('C:\\xampp\\htdocs\\TX32-24-TamaFlights\\app\\Controllers\\Passenger.php')
 2 SYSTEMPATH\Autoloader\Autoloader.php(272): CodeIgniter\Autoloader\Autoloader->loadInNamespace('App\\Controllers\\Passenger')
 3 [internal function]: CodeIgniter\Autoloader\Autoloader->loadClass('App\\Controllers\\Passenger')
 4 SYSTEMPATH\CodeIgniter.php(887): class_exists('\\App\\Controllers\\Passenger', true)
 5 SYSTEMPATH\CodeIgniter.php(496): CodeIgniter\CodeIgniter->startController()
 6 SYSTEMPATH\CodeIgniter.php(355): CodeIgniter\CodeIgniter->handleRequest(null, Object(Config\Cache), false)
 7 SYSTEMPATH\Boot.php(325): CodeIgniter\CodeIgniter->run()
 8 SYSTEMPATH\Boot.php(67): CodeIgniter\Boot::runCodeIgniter(Object(CodeIgniter\CodeIgniter))
 9 FCPATH\index.php(56): CodeIgniter\Boot::bootWeb(Object(Config\Paths))
CRITICAL - 2024-11-26 08:16:09 --> ParseError: syntax error, unexpected single-quoted string "css", expecting "]"
[Method: POST, Route: signup/register]
in APPPATH\Controllers\Passenger.php on line 36.
 1 SYSTEMPATH\Autoloader\Autoloader.php(296): CodeIgniter\Autoloader\Autoloader->includeFile('C:\\xampp\\htdocs\\TX32-24-TamaFlights\\app\\Controllers\\Passenger.php')
 2 SYSTEMPATH\Autoloader\Autoloader.php(272): CodeIgniter\Autoloader\Autoloader->loadInNamespace('App\\Controllers\\Passenger')
 3 [internal function]: CodeIgniter\Autoloader\Autoloader->loadClass('App\\Controllers\\Passenger')
 4 SYSTEMPATH\CodeIgniter.php(887): class_exists('\\App\\Controllers\\Passenger', true)
 5 SYSTEMPATH\CodeIgniter.php(496): CodeIgniter\CodeIgniter->startController()
 6 SYSTEMPATH\CodeIgniter.php(355): CodeIgniter\CodeIgniter->handleRequest(null, Object(Config\Cache), false)
 7 SYSTEMPATH\Boot.php(325): CodeIgniter\CodeIgniter->run()
 8 SYSTEMPATH\Boot.php(67): CodeIgniter\Boot::runCodeIgniter(Object(CodeIgniter\CodeIgniter))
 9 FCPATH\index.php(56): CodeIgniter\Boot::bootWeb(Object(Config\Paths))
CRITICAL - 2024-11-26 08:17:05 --> ErrorException: Undefined variable $css
[Method: POST, Route: signup/register]
in APPPATH\Views\components\top_layer.php on line 8.
 1 APPPATH\Views\components\top_layer.php(8): CodeIgniter\Debug\Exceptions->errorHandler(2, 'Undefined variable $css', 'C:\\xampp\\htdocs\\TX32-24-TamaFlights\\app\\Views\\components\\top_layer.php', 8)
 2 SYSTEMPATH\View\View.php(234): include('C:\\xampp\\htdocs\\TX32-24-TamaFlights\\app\\Views\\components\\top_layer.php')
 3 SYSTEMPATH\View\View.php(237): CodeIgniter\View\View->CodeIgniter\View\{closure}()
 4 SYSTEMPATH\View\View.php(487): CodeIgniter\View\View->render('components/top_layer', null, true)
 5 APPPATH\Views\layout\main.php(1): CodeIgniter\View\View->include('components/top_layer')
 6 SYSTEMPATH\View\View.php(234): include('C:\\xampp\\htdocs\\TX32-24-TamaFlights\\app\\Views\\layout\\main.php')
 7 SYSTEMPATH\View\View.php(237): CodeIgniter\View\View->CodeIgniter\View\{closure}()
 8 SYSTEMPATH\View\View.php(250): CodeIgniter\View\View->render('layout/main', [], true)
 9 SYSTEMPATH\Common.php(1171): CodeIgniter\View\View->render('signuppage', [], true)
10 APPPATH\Controllers\Passenger.php(44): view('signuppage', [...])
11 SYSTEMPATH\CodeIgniter.php(933): App\Controllers\Passenger->register()
12 SYSTEMPATH\CodeIgniter.php(509): CodeIgniter\CodeIgniter->runController(Object(App\Controllers\Passenger))
13 SYSTEMPATH\CodeIgniter.php(355): CodeIgniter\CodeIgniter->handleRequest(null, Object(Config\Cache), false)
14 SYSTEMPATH\Boot.php(325): CodeIgniter\CodeIgniter->run()
15 SYSTEMPATH\Boot.php(67): CodeIgniter\Boot::runCodeIgniter(Object(CodeIgniter\CodeIgniter))
16 FCPATH\index.php(56): CodeIgniter\Boot::bootWeb(Object(Config\Paths))
CRITICAL - 2024-11-26 11:12:26 --> ParseError: syntax error, unexpected single-quoted string "message", expecting "]"
[Method: GET, Route: signup]
in APPPATH\Controllers\Passenger.php on line 29.
 1 SYSTEMPATH\Autoloader\Autoloader.php(296): CodeIgniter\Autoloader\Autoloader->includeFile('C:\\xampp\\htdocs\\TX32-24-TamaFlights\\app\\Controllers\\Passenger.php')
 2 SYSTEMPATH\Autoloader\Autoloader.php(272): CodeIgniter\Autoloader\Autoloader->loadInNamespace('App\\Controllers\\Passenger')
 3 [internal function]: CodeIgniter\Autoloader\Autoloader->loadClass('App\\Controllers\\Passenger')
 4 SYSTEMPATH\CodeIgniter.php(887): class_exists('\\App\\Controllers\\Passenger', true)
 5 SYSTEMPATH\CodeIgniter.php(496): CodeIgniter\CodeIgniter->startController()
 6 SYSTEMPATH\CodeIgniter.php(355): CodeIgniter\CodeIgniter->handleRequest(null, Object(Config\Cache), false)
 7 SYSTEMPATH\Boot.php(325): CodeIgniter\CodeIgniter->run()
 8 SYSTEMPATH\Boot.php(67): CodeIgniter\Boot::runCodeIgniter(Object(CodeIgniter\CodeIgniter))
 9 FCPATH\index.php(56): CodeIgniter\Boot::bootWeb(Object(Config\Paths))
CRITICAL - 2024-11-26 11:12:28 --> ParseError: syntax error, unexpected single-quoted string "message", expecting "]"
[Method: GET, Route: signup]
in APPPATH\Controllers\Passenger.php on line 29.
 1 SYSTEMPATH\Autoloader\Autoloader.php(296): CodeIgniter\Autoloader\Autoloader->includeFile('C:\\xampp\\htdocs\\TX32-24-TamaFlights\\app\\Controllers\\Passenger.php')
 2 SYSTEMPATH\Autoloader\Autoloader.php(272): CodeIgniter\Autoloader\Autoloader->loadInNamespace('App\\Controllers\\Passenger')
 3 [internal function]: CodeIgniter\Autoloader\Autoloader->loadClass('App\\Controllers\\Passenger')
 4 SYSTEMPATH\CodeIgniter.php(887): class_exists('\\App\\Controllers\\Passenger', true)
 5 SYSTEMPATH\CodeIgniter.php(496): CodeIgniter\CodeIgniter->startController()
 6 SYSTEMPATH\CodeIgniter.php(355): CodeIgniter\CodeIgniter->handleRequest(null, Object(Config\Cache), false)
 7 SYSTEMPATH\Boot.php(325): CodeIgniter\CodeIgniter->run()
 8 SYSTEMPATH\Boot.php(67): CodeIgniter\Boot::runCodeIgniter(Object(CodeIgniter\CodeIgniter))
 9 FCPATH\index.php(56): CodeIgniter\Boot::bootWeb(Object(Config\Paths))
CRITICAL - 2024-11-26 11:12:29 --> ParseError: syntax error, unexpected single-quoted string "message", expecting "]"
[Method: GET, Route: signup]
in APPPATH\Controllers\Passenger.php on line 29.
 1 SYSTEMPATH\Autoloader\Autoloader.php(296): CodeIgniter\Autoloader\Autoloader->includeFile('C:\\xampp\\htdocs\\TX32-24-TamaFlights\\app\\Controllers\\Passenger.php')
 2 SYSTEMPATH\Autoloader\Autoloader.php(272): CodeIgniter\Autoloader\Autoloader->loadInNamespace('App\\Controllers\\Passenger')
 3 [internal function]: CodeIgniter\Autoloader\Autoloader->loadClass('App\\Controllers\\Passenger')
 4 SYSTEMPATH\CodeIgniter.php(887): class_exists('\\App\\Controllers\\Passenger', true)
 5 SYSTEMPATH\CodeIgniter.php(496): CodeIgniter\CodeIgniter->startController()
 6 SYSTEMPATH\CodeIgniter.php(355): CodeIgniter\CodeIgniter->handleRequest(null, Object(Config\Cache), false)
 7 SYSTEMPATH\Boot.php(325): CodeIgniter\CodeIgniter->run()
 8 SYSTEMPATH\Boot.php(67): CodeIgniter\Boot::runCodeIgniter(Object(CodeIgniter\CodeIgniter))
 9 FCPATH\index.php(56): CodeIgniter\Boot::bootWeb(Object(Config\Paths))
CRITICAL - 2024-11-26 11:14:55 --> ErrorException: Undefined property: App\Controllers\Passenger::$session
[Method: GET, Route: login]
in APPPATH\Controllers\Passenger.php on line 22.
 1 APPPATH\Controllers\Passenger.php(22): CodeIgniter\Debug\Exceptions->errorHandler(2, 'Undefined property: App\\Controllers\\Passenger::$session', 'C:\\xampp\\htdocs\\TX32-24-TamaFlights\\app\\Controllers\\Passenger.php', 22)
 2 SYSTEMPATH\CodeIgniter.php(933): App\Controllers\Passenger->login()
 3 SYSTEMPATH\CodeIgniter.php(509): CodeIgniter\CodeIgniter->runController(Object(App\Controllers\Passenger))
 4 SYSTEMPATH\CodeIgniter.php(355): CodeIgniter\CodeIgniter->handleRequest(null, Object(Config\Cache), false)
 5 SYSTEMPATH\Boot.php(325): CodeIgniter\CodeIgniter->run()
 6 SYSTEMPATH\Boot.php(67): CodeIgniter\Boot::runCodeIgniter(Object(CodeIgniter\CodeIgniter))
 7 FCPATH\index.php(56): CodeIgniter\Boot::bootWeb(Object(Config\Paths))
CRITICAL - 2024-11-26 11:16:59 --> ErrorException: Undefined property: App\Controllers\Passenger::$session
[Method: GET, Route: login]
in APPPATH\Controllers\Passenger.php on line 22.
 1 APPPATH\Controllers\Passenger.php(22): CodeIgniter\Debug\Exceptions->errorHandler(2, 'Undefined property: App\\Controllers\\Passenger::$session', 'C:\\xampp\\htdocs\\TX32-24-TamaFlights\\app\\Controllers\\Passenger.php', 22)
 2 SYSTEMPATH\CodeIgniter.php(933): App\Controllers\Passenger->login()
 3 SYSTEMPATH\CodeIgniter.php(509): CodeIgniter\CodeIgniter->runController(Object(App\Controllers\Passenger))
 4 SYSTEMPATH\CodeIgniter.php(355): CodeIgniter\CodeIgniter->handleRequest(null, Object(Config\Cache), false)
 5 SYSTEMPATH\Boot.php(325): CodeIgniter\CodeIgniter->run()
 6 SYSTEMPATH\Boot.php(67): CodeIgniter\Boot::runCodeIgniter(Object(CodeIgniter\CodeIgniter))
 7 FCPATH\index.php(56): CodeIgniter\Boot::bootWeb(Object(Config\Paths))
CRITICAL - 2024-11-26 11:17:04 --> ErrorException: Undefined property: App\Controllers\Passenger::$session
[Method: GET, Route: login]
in APPPATH\Controllers\Passenger.php on line 22.
 1 APPPATH\Controllers\Passenger.php(22): CodeIgniter\Debug\Exceptions->errorHandler(2, 'Undefined property: App\\Controllers\\Passenger::$session', 'C:\\xampp\\htdocs\\TX32-24-TamaFlights\\app\\Controllers\\Passenger.php', 22)
 2 SYSTEMPATH\CodeIgniter.php(933): App\Controllers\Passenger->login()
 3 SYSTEMPATH\CodeIgniter.php(509): CodeIgniter\CodeIgniter->runController(Object(App\Controllers\Passenger))
 4 SYSTEMPATH\CodeIgniter.php(355): CodeIgniter\CodeIgniter->handleRequest(null, Object(Config\Cache), false)
 5 SYSTEMPATH\Boot.php(325): CodeIgniter\CodeIgniter->run()
 6 SYSTEMPATH\Boot.php(67): CodeIgniter\Boot::runCodeIgniter(Object(CodeIgniter\CodeIgniter))
 7 FCPATH\index.php(56): CodeIgniter\Boot::bootWeb(Object(Config\Paths))
CRITICAL - 2024-11-26 11:18:49 --> ErrorException: Undefined property: App\Controllers\Passenger::$session
[Method: GET, Route: login]
in APPPATH\Controllers\Passenger.php on line 22.
 1 APPPATH\Controllers\Passenger.php(22): CodeIgniter\Debug\Exceptions->errorHandler(2, 'Undefined property: App\\Controllers\\Passenger::$session', 'C:\\xampp\\htdocs\\TX32-24-TamaFlights\\app\\Controllers\\Passenger.php', 22)
 2 SYSTEMPATH\CodeIgniter.php(933): App\Controllers\Passenger->login()
 3 SYSTEMPATH\CodeIgniter.php(509): CodeIgniter\CodeIgniter->runController(Object(App\Controllers\Passenger))
 4 SYSTEMPATH\CodeIgniter.php(355): CodeIgniter\CodeIgniter->handleRequest(null, Object(Config\Cache), false)
 5 SYSTEMPATH\Boot.php(325): CodeIgniter\CodeIgniter->run()
 6 SYSTEMPATH\Boot.php(67): CodeIgniter\Boot::runCodeIgniter(Object(CodeIgniter\CodeIgniter))
 7 FCPATH\index.php(56): CodeIgniter\Boot::bootWeb(Object(Config\Paths))
CRITICAL - 2024-11-26 11:18:51 --> ErrorException: Undefined property: App\Controllers\Passenger::$session
[Method: GET, Route: login]
in APPPATH\Controllers\Passenger.php on line 22.
 1 APPPATH\Controllers\Passenger.php(22): CodeIgniter\Debug\Exceptions->errorHandler(2, 'Undefined property: App\\Controllers\\Passenger::$session', 'C:\\xampp\\htdocs\\TX32-24-TamaFlights\\app\\Controllers\\Passenger.php', 22)
 2 SYSTEMPATH\CodeIgniter.php(933): App\Controllers\Passenger->login()
 3 SYSTEMPATH\CodeIgniter.php(509): CodeIgniter\CodeIgniter->runController(Object(App\Controllers\Passenger))
 4 SYSTEMPATH\CodeIgniter.php(355): CodeIgniter\CodeIgniter->handleRequest(null, Object(Config\Cache), false)
 5 SYSTEMPATH\Boot.php(325): CodeIgniter\CodeIgniter->run()
 6 SYSTEMPATH\Boot.php(67): CodeIgniter\Boot::runCodeIgniter(Object(CodeIgniter\CodeIgniter))
 7 FCPATH\index.php(56): CodeIgniter\Boot::bootWeb(Object(Config\Paths))
CRITICAL - 2024-11-26 11:20:30 --> ErrorException: Undefined property: App\Controllers\Passenger::$session
[Method: GET, Route: login]
in APPPATH\Controllers\Passenger.php on line 22.
 1 APPPATH\Controllers\Passenger.php(22): CodeIgniter\Debug\Exceptions->errorHandler(2, 'Undefined property: App\\Controllers\\Passenger::$session', 'C:\\xampp\\htdocs\\TX32-24-TamaFlights\\app\\Controllers\\Passenger.php', 22)
 2 SYSTEMPATH\CodeIgniter.php(933): App\Controllers\Passenger->login()
 3 SYSTEMPATH\CodeIgniter.php(509): CodeIgniter\CodeIgniter->runController(Object(App\Controllers\Passenger))
 4 SYSTEMPATH\CodeIgniter.php(355): CodeIgniter\CodeIgniter->handleRequest(null, Object(Config\Cache), false)
 5 SYSTEMPATH\Boot.php(325): CodeIgniter\CodeIgniter->run()
 6 SYSTEMPATH\Boot.php(67): CodeIgniter\Boot::runCodeIgniter(Object(CodeIgniter\CodeIgniter))
 7 FCPATH\index.php(56): CodeIgniter\Boot::bootWeb(Object(Config\Paths))
CRITICAL - 2024-11-26 11:20:31 --> ErrorException: Undefined property: App\Controllers\Passenger::$session
[Method: GET, Route: login]
in APPPATH\Controllers\Passenger.php on line 22.
 1 APPPATH\Controllers\Passenger.php(22): CodeIgniter\Debug\Exceptions->errorHandler(2, 'Undefined property: App\\Controllers\\Passenger::$session', 'C:\\xampp\\htdocs\\TX32-24-TamaFlights\\app\\Controllers\\Passenger.php', 22)
 2 SYSTEMPATH\CodeIgniter.php(933): App\Controllers\Passenger->login()
 3 SYSTEMPATH\CodeIgniter.php(509): CodeIgniter\CodeIgniter->runController(Object(App\Controllers\Passenger))
 4 SYSTEMPATH\CodeIgniter.php(355): CodeIgniter\CodeIgniter->handleRequest(null, Object(Config\Cache), false)
 5 SYSTEMPATH\Boot.php(325): CodeIgniter\CodeIgniter->run()
 6 SYSTEMPATH\Boot.php(67): CodeIgniter\Boot::runCodeIgniter(Object(CodeIgniter\CodeIgniter))
 7 FCPATH\index.php(56): CodeIgniter\Boot::bootWeb(Object(Config\Paths))
CRITICAL - 2024-11-26 11:20:49 --> ErrorException: Undefined property: App\Controllers\Passenger::$session
[Method: GET, Route: login]
in APPPATH\Controllers\Passenger.php on line 22.
 1 APPPATH\Controllers\Passenger.php(22): CodeIgniter\Debug\Exceptions->errorHandler(2, 'Undefined property: App\\Controllers\\Passenger::$session', 'C:\\xampp\\htdocs\\TX32-24-TamaFlights\\app\\Controllers\\Passenger.php', 22)
 2 SYSTEMPATH\CodeIgniter.php(933): App\Controllers\Passenger->login()
 3 SYSTEMPATH\CodeIgniter.php(509): CodeIgniter\CodeIgniter->runController(Object(App\Controllers\Passenger))
 4 SYSTEMPATH\CodeIgniter.php(355): CodeIgniter\CodeIgniter->handleRequest(null, Object(Config\Cache), false)
 5 SYSTEMPATH\Boot.php(325): CodeIgniter\CodeIgniter->run()
 6 SYSTEMPATH\Boot.php(67): CodeIgniter\Boot::runCodeIgniter(Object(CodeIgniter\CodeIgniter))
 7 FCPATH\index.php(56): CodeIgniter\Boot::bootWeb(Object(Config\Paths))
CRITICAL - 2024-11-26 11:28:01 --> TypeError: App\Controllers\Passenger::loginacc(): Return value must be of type string, CodeIgniter\HTTP\RedirectResponse returned
[Method: POST, Route: login/account]
in APPPATH\Controllers\Passenger.php on line 59.
 1 SYSTEMPATH\CodeIgniter.php(933): App\Controllers\Passenger->loginacc()
 2 SYSTEMPATH\CodeIgniter.php(509): CodeIgniter\CodeIgniter->runController(Object(App\Controllers\Passenger))
 3 SYSTEMPATH\CodeIgniter.php(355): CodeIgniter\CodeIgniter->handleRequest(null, Object(Config\Cache), false)
 4 SYSTEMPATH\Boot.php(325): CodeIgniter\CodeIgniter->run()
 5 SYSTEMPATH\Boot.php(67): CodeIgniter\Boot::runCodeIgniter(Object(CodeIgniter\CodeIgniter))
 6 FCPATH\index.php(56): CodeIgniter\Boot::bootWeb(Object(Config\Paths))
CRITICAL - 2024-11-26 11:29:35 --> TypeError: App\Controllers\Passenger::loginacc(): Return value must be of type string, CodeIgniter\HTTP\RedirectResponse returned
[Method: POST, Route: login/account]
in APPPATH\Controllers\Passenger.php on line 59.
 1 SYSTEMPATH\CodeIgniter.php(933): App\Controllers\Passenger->loginacc()
 2 SYSTEMPATH\CodeIgniter.php(509): CodeIgniter\CodeIgniter->runController(Object(App\Controllers\Passenger))
 3 SYSTEMPATH\CodeIgniter.php(355): CodeIgniter\CodeIgniter->handleRequest(null, Object(Config\Cache), false)
 4 SYSTEMPATH\Boot.php(325): CodeIgniter\CodeIgniter->run()
 5 SYSTEMPATH\Boot.php(67): CodeIgniter\Boot::runCodeIgniter(Object(CodeIgniter\CodeIgniter))
 6 FCPATH\index.php(56): CodeIgniter\Boot::bootWeb(Object(Config\Paths))
CRITICAL - 2024-11-26 11:31:15 --> TypeError: App\Controllers\Passenger::loginacc(): Return value must be of type string, CodeIgniter\HTTP\RedirectResponse returned
[Method: POST, Route: login/account]
in APPPATH\Controllers\Passenger.php on line 59.
 1 SYSTEMPATH\CodeIgniter.php(933): App\Controllers\Passenger->loginacc()
 2 SYSTEMPATH\CodeIgniter.php(509): CodeIgniter\CodeIgniter->runController(Object(App\Controllers\Passenger))
 3 SYSTEMPATH\CodeIgniter.php(355): CodeIgniter\CodeIgniter->handleRequest(null, Object(Config\Cache), false)
 4 SYSTEMPATH\Boot.php(325): CodeIgniter\CodeIgniter->run()
 5 SYSTEMPATH\Boot.php(67): CodeIgniter\Boot::runCodeIgniter(Object(CodeIgniter\CodeIgniter))
 6 FCPATH\index.php(56): CodeIgniter\Boot::bootWeb(Object(Config\Paths))
CRITICAL - 2024-11-26 11:32:42 --> TypeError: App\Controllers\Passenger::login(): Return value must be of type string, CodeIgniter\HTTP\RedirectResponse returned
[Method: GET, Route: login]
in APPPATH\Controllers\Passenger.php on line 30.
 1 SYSTEMPATH\CodeIgniter.php(933): App\Controllers\Passenger->login()
 2 SYSTEMPATH\CodeIgniter.php(509): CodeIgniter\CodeIgniter->runController(Object(App\Controllers\Passenger))
 3 SYSTEMPATH\CodeIgniter.php(355): CodeIgniter\CodeIgniter->handleRequest(null, Object(Config\Cache), false)
 4 SYSTEMPATH\Boot.php(325): CodeIgniter\CodeIgniter->run()
 5 SYSTEMPATH\Boot.php(67): CodeIgniter\Boot::runCodeIgniter(Object(CodeIgniter\CodeIgniter))
 6 FCPATH\index.php(56): CodeIgniter\Boot::bootWeb(Object(Config\Paths))
